[Chromatik 2024/08/19 20:22:36] Starting Chromatik version 1.0.0
[Chromatik 2024/08/19 20:22:36] Running java 17.0.9 Eclipse Adoptium Mac OS X 14.1.2 aarch64
[Chromatik 2024/08/19 20:22:36] Licensed to Daniel Rummel <drummel@gmail.com> - version 1.0.0 FREE - heronarts.lx.core
[LX 2024/08/19 20:22:36] JSON fixture file is empty: /Users/drummel/Chromatik/Fixtures/Naga/Something.lxf
[GLX 2024/08/19 20:22:36] GLX monitorWorkarea: size(1440x900), pos(x:0,y:0)
[GLX 2024/08/19 20:22:36] GLX createWindow: 1440x872
[GLX 2024/08/19 20:22:36] GLX systemContentScale: 2.0x2.0
[GLX 2024/08/19 20:22:36] GLX windowSize: 1440x872
[GLX 2024/08/19 20:22:36] GLX setWindowPos: 0,28
[GLX 2024/08/19 20:22:36] GLX framebufferSize: 2880x1744
[GLX 2024/08/19 20:22:36] GLX uiSize: 1321.1008x800.0
[GLX 2024/08/19 20:22:36] GLX cursorScale: 0.9174311x0.9174312
[GLX 2024/08/19 20:22:36] Using BGFX renderer: Metal
[GLX 2024/08/19 20:22:37] Starting LX Engine...
[LX 2024/08/19 20:22:37] LXEngine.ExecutorService starting...
[GLX 2024/08/19 20:22:37] Bootstrap complete, running main loop.
[LX 2024/08/19 20:22:37] Opening project file: /Users/drummel/Desktop/NAGA/naga-proto.lxp
[LX 2024/08/19 20:22:37] Project loaded successfully from /Users/drummel/Desktop/NAGA/naga-proto.lxp
[LX 2024/08/19 20:22:56] Calls to DatagramSocket.send() appear to be unexpectedly blocking, you may be sending to an unresolvable address or network queues may be saturated. If you are on Linux/Raspberry-Pi, consult the following URL for guidance on relevant kernel parameters: https://github.com/heronarts/LXStudio/wiki/Raspberry-Pi
[LX 2024/08/19 20:22:57] Reloading custom content folders
[LX 2024/08/19 20:22:57] JSON fixture file is empty: /Users/drummel/Chromatik/Fixtures/Naga/Something.lxf
[LX 2024/08/19 20:22:57] Package content reloaded.
[LX 2024/08/19 20:23:23] Reloading custom content folders
[LX 2024/08/19 20:23:23] Loading package content from: /Users/drummel/Chromatik/Packages/lxpackage-example-0.0.1-SNAPSHOT.jar
[LX 2024/08/19 20:23:23] JSON fixture file is empty: /Users/drummel/Chromatik/Fixtures/Naga/Something.lxf
[LX 2024/08/19 20:23:23] JSON fixture file is empty: /Users/drummel/Chromatik/Fixtures/Custom/Something.lxf
[LX 2024/08/19 20:23:23] Package content reloaded.
[LX 2024/08/19 20:23:29] Reloading custom content folders
[LX 2024/08/19 20:23:29] Loading package content from: /Users/drummel/Chromatik/Packages/lxpackage-example-0.0.1-SNAPSHOT.jar
[LX 2024/08/19 20:23:29] JSON fixture file is empty: /Users/drummel/Chromatik/Fixtures/Naga/Something.lxf
[LX 2024/08/19 20:23:29] JSON fixture file is empty: /Users/drummel/Chromatik/Fixtures/Custom/Something.lxf
[LX 2024/08/19 20:23:29] Package content reloaded.
[LX 2024/08/19 20:24:27] Reloading custom content folders
[LX 2024/08/19 20:24:27] Loading package content from: /Users/drummel/Chromatik/Packages/lxpackage-example-0.0.1-SNAPSHOT.jar
[LX 2024/08/19 20:24:27] JSON fixture file is empty: /Users/drummel/Chromatik/Fixtures/Naga/Something.lxf
[LX 2024/08/19 20:24:27] JSON fixture file is empty: /Users/drummel/Chromatik/Fixtures/Custom/Something.lxf
[LX 2024/08/19 20:24:27] Package content reloaded.
[LX 2024/08/19 20:24:52] Project auto-saved successfully to /Users/drummel/Chromatik/Autosave/naga-proto.lxp
[LX 2024/08/19 20:25:07] Project auto-saved successfully to /Users/drummel/Chromatik/Autosave/naga-proto.lxp
[LX 2024/08/19 20:32:38] Reloading custom content folders
[LX 2024/08/19 20:32:38] Loading package content from: /Users/drummel/Chromatik/Packages/lxpackage-example-0.0.1-SNAPSHOT.jar
[LX 2024/08/19 20:32:38] JSON fixture file is empty: /Users/drummel/Chromatik/Fixtures/Naga/Something.lxf
[LX 2024/08/19 20:32:38] JSON fixture file is empty: /Users/drummel/Chromatik/Fixtures/Custom/Something.lxf
[LX 2024/08/19 20:32:38] Package content reloaded.
[LX 2024/08/19 20:32:52] Project auto-saved successfully to /Users/drummel/Chromatik/Autosave/naga-proto.lxp
[LX 2024/08/19 20:33:07] Project auto-saved successfully to /Users/drummel/Chromatik/Autosave/naga-proto.lxp
[LX 2024/08/19 20:33:37] Project auto-saved successfully to /Users/drummel/Chromatik/Autosave/naga-proto.lxp
[LX 2024/08/19 20:33:52] Project auto-saved successfully to /Users/drummel/Chromatik/Autosave/naga-proto.lxp
[LX 2024/08/19 20:41:51] Reloading custom content folders
[LX 2024/08/19 20:41:51] Loading package content from: /Users/drummel/Chromatik/Packages/lxpackage-example-0.0.1-SNAPSHOT.jar
[LX 2024/08/19 20:41:51] JSON fixture file is empty: /Users/drummel/Chromatik/Fixtures/Naga/Something.lxf
[LX 2024/08/19 20:41:51] JSON fixture file is empty: /Users/drummel/Chromatik/Fixtures/Custom/Something.lxf
[LX 2024/08/19 20:41:51] Package content reloaded.
[LX 2024/08/19 20:42:08] Project auto-saved successfully to /Users/drummel/Chromatik/Autosave/naga-proto.lxp
[LX 2024/08/19 20:42:23] Project auto-saved successfully to /Users/drummel/Chromatik/Autosave/naga-proto.lxp
[LX 2024/08/19 20:42:38] Project auto-saved successfully to /Users/drummel/Chromatik/Autosave/naga-proto.lxp
[LX 2024/08/19 20:43:38] Project auto-saved successfully to /Users/drummel/Chromatik/Autosave/naga-proto.lxp
[LX 2024/08/19 20:43:53] Project auto-saved successfully to /Users/drummel/Chromatik/Autosave/naga-proto.lxp
[LX 2024/08/19 20:44:08] Project auto-saved successfully to /Users/drummel/Chromatik/Autosave/naga-proto.lxp
[LX 2024/08/19 20:44:23] Project auto-saved successfully to /Users/drummel/Chromatik/Autosave/naga-proto.lxp
[LX 2024/08/19 20:45:19] Reloading custom content folders
[LX 2024/08/19 20:45:19] Loading package content from: /Users/drummel/Chromatik/Packages/lxpackage-example-0.0.1-SNAPSHOT.jar
[LX 2024/08/19 20:45:19] JSON fixture file is empty: /Users/drummel/Chromatik/Fixtures/Naga/Something.lxf
[LX 2024/08/19 20:45:19] JSON fixture file is empty: /Users/drummel/Chromatik/Fixtures/Custom/Something.lxf
[LX 2024/08/19 20:45:19] Package content reloaded.
[LX 2024/08/19 20:45:23] Project auto-saved successfully to /Users/drummel/Chromatik/Autosave/naga-proto.lxp
[LX 2024/08/19 20:45:38] Project auto-saved successfully to /Users/drummel/Chromatik/Autosave/naga-proto.lxp
[LX 2024/08/19 20:45:53] Project auto-saved successfully to /Users/drummel/Chromatik/Autosave/naga-proto.lxp
[LX 2024/08/19 20:46:08] Project auto-saved successfully to /Users/drummel/Chromatik/Autosave/naga-proto.lxp
[LX 2024/08/19 20:49:08] Project auto-saved successfully to /Users/drummel/Chromatik/Autosave/naga-proto.lxp
[LX 2024/08/19 20:49:23] Project auto-saved successfully to /Users/drummel/Chromatik/Autosave/naga-proto.lxp
[LX 2024/08/19 20:49:38] Project auto-saved successfully to /Users/drummel/Chromatik/Autosave/naga-proto.lxp
[LX 2024/08/19 20:49:53] Project auto-saved successfully to /Users/drummel/Chromatik/Autosave/naga-proto.lxp
[LX 2024/08/19 20:55:23] Project auto-saved successfully to /Users/drummel/Chromatik/Autosave/naga-proto.lxp
[LX 2024/08/19 20:55:38] Project auto-saved successfully to /Users/drummel/Chromatik/Autosave/naga-proto.lxp
[LX 2024/08/19 20:55:52] Reloading custom content folders
[LX 2024/08/19 20:55:52] Loading package content from: /Users/drummel/Chromatik/Packages/lxpackage-example-0.0.1-SNAPSHOT.jar
[LX 2024/08/19 20:55:52] JSON fixture file is empty: /Users/drummel/Chromatik/Fixtures/Naga/Something.lxf
[LX 2024/08/19 20:55:52] JSON fixture file is empty: /Users/drummel/Chromatik/Fixtures/Custom/Something.lxf
[LX 2024/08/19 20:55:52] Package content reloaded.
[LX 2024/08/19 20:56:08] Project auto-saved successfully to /Users/drummel/Chromatik/Autosave/naga-proto.lxp
[LX 2024/08/19 20:56:23] Project auto-saved successfully to /Users/drummel/Chromatik/Autosave/naga-proto.lxp
[LX 2024/08/19 20:57:10] Reloading custom content folders
[LX 2024/08/19 20:57:10] Loading package content from: /Users/drummel/Chromatik/Packages/lxpackage-example-0.0.1-SNAPSHOT.jar
[LX 2024/08/19 20:57:10] JSON fixture file is empty: /Users/drummel/Chromatik/Fixtures/Naga/Something.lxf
[LX 2024/08/19 20:57:10] JSON fixture file is empty: /Users/drummel/Chromatik/Fixtures/Custom/Something.lxf
[LX 2024/08/19 20:57:10] Package content reloaded.
[LX 2024/08/19 20:57:23] Project auto-saved successfully to /Users/drummel/Chromatik/Autosave/naga-proto.lxp
[LX 2024/08/19 20:59:34] Reloading custom content folders
[LX 2024/08/19 20:59:34] Loading package content from: /Users/drummel/Chromatik/Packages/lxpackage-example-0.0.1-SNAPSHOT.jar
[LX 2024/08/19 20:59:34] JSON fixture file is empty: /Users/drummel/Chromatik/Fixtures/Naga/Something.lxf
[LX 2024/08/19 20:59:34] JSON fixture file is empty: /Users/drummel/Chromatik/Fixtures/Custom/Something.lxf
[LX 2024/08/19 20:59:34] Package content reloaded.
[LX 2024/08/19 20:59:38] Project auto-saved successfully to /Users/drummel/Chromatik/Autosave/naga-proto.lxp
[LX 2024/08/19 20:59:53] Project auto-saved successfully to /Users/drummel/Chromatik/Autosave/naga-proto.lxp
[LX 2024/08/19 21:00:08] Project auto-saved successfully to /Users/drummel/Chromatik/Autosave/naga-proto.lxp
[LX 2024/08/19 21:01:39] Project auto-saved successfully to /Users/drummel/Chromatik/Autosave/naga-proto.lxp
[LX 2024/08/19 21:01:54] Project auto-saved successfully to /Users/drummel/Chromatik/Autosave/naga-proto.lxp
[LX 2024/08/19 21:02:09] Project auto-saved successfully to /Users/drummel/Chromatik/Autosave/naga-proto.lxp
[LX 2024/08/19 21:02:24] Project auto-saved successfully to /Users/drummel/Chromatik/Autosave/naga-proto.lxp
[LX 2024/08/19 21:02:39] Project auto-saved successfully to /Users/drummel/Chromatik/Autosave/naga-proto.lxp
[LX 2024/08/19 21:02:54] Project auto-saved successfully to /Users/drummel/Chromatik/Autosave/naga-proto.lxp
[LX 2024/08/19 21:03:09] Project auto-saved successfully to /Users/drummel/Chromatik/Autosave/naga-proto.lxp
[LX 2024/08/19 21:03:24] Project auto-saved successfully to /Users/drummel/Chromatik/Autosave/naga-proto.lxp
[LX 2024/08/19 21:03:39] Project auto-saved successfully to /Users/drummel/Chromatik/Autosave/naga-proto.lxp
[LX 2024/08/19 21:03:54] Project auto-saved successfully to /Users/drummel/Chromatik/Autosave/naga-proto.lxp
[LX 2024/08/19 21:04:09] Project auto-saved successfully to /Users/drummel/Chromatik/Autosave/naga-proto.lxp
[LX 2024/08/19 21:04:24] Project auto-saved successfully to /Users/drummel/Chromatik/Autosave/naga-proto.lxp
[LX 2024/08/19 21:04:39] Project auto-saved successfully to /Users/drummel/Chromatik/Autosave/naga-proto.lxp
[LX 2024/08/19 21:04:54] Project auto-saved successfully to /Users/drummel/Chromatik/Autosave/naga-proto.lxp
[LX 2024/08/19 21:05:09] Project auto-saved successfully to /Users/drummel/Chromatik/Autosave/naga-proto.lxp
[LX 2024/08/19 21:05:24] Project auto-saved successfully to /Users/drummel/Chromatik/Autosave/naga-proto.lxp
[LX 2024/08/19 21:05:39] Project auto-saved successfully to /Users/drummel/Chromatik/Autosave/naga-proto.lxp
[LX 2024/08/19 21:05:54] Project auto-saved successfully to /Users/drummel/Chromatik/Autosave/naga-proto.lxp
[LX 2024/08/19 21:06:09] Project auto-saved successfully to /Users/drummel/Chromatik/Autosave/naga-proto.lxp
[LX 2024/08/19 21:06:24] Project auto-saved successfully to /Users/drummel/Chromatik/Autosave/naga-proto.lxp
[LX 2024/08/19 21:06:39] Project auto-saved successfully to /Users/drummel/Chromatik/Autosave/naga-proto.lxp
[LX 2024/08/19 21:06:54] Project auto-saved successfully to /Users/drummel/Chromatik/Autosave/naga-proto.lxp
[LX 2024/08/19 21:07:09] Project auto-saved successfully to /Users/drummel/Chromatik/Autosave/naga-proto.lxp
[LX 2024/08/19 21:07:24] Project auto-saved successfully to /Users/drummel/Chromatik/Autosave/naga-proto.lxp
[LX 2024/08/19 21:07:39] Project auto-saved successfully to /Users/drummel/Chromatik/Autosave/naga-proto.lxp
[LX 2024/08/19 21:07:54] Project auto-saved successfully to /Users/drummel/Chromatik/Autosave/naga-proto.lxp
[LX 2024/08/19 21:08:09] Project auto-saved successfully to /Users/drummel/Chromatik/Autosave/naga-proto.lxp
[LX 2024/08/19 21:08:24] Project auto-saved successfully to /Users/drummel/Chromatik/Autosave/naga-proto.lxp
[LX 2024/08/19 21:08:39] Project auto-saved successfully to /Users/drummel/Chromatik/Autosave/naga-proto.lxp
[LX 2024/08/19 21:08:54] Project auto-saved successfully to /Users/drummel/Chromatik/Autosave/naga-proto.lxp
[LX 2024/08/19 21:09:09] Project auto-saved successfully to /Users/drummel/Chromatik/Autosave/naga-proto.lxp
[LX 2024/08/19 21:09:24] Project auto-saved successfully to /Users/drummel/Chromatik/Autosave/naga-proto.lxp
[LX 2024/08/19 21:09:39] Project auto-saved successfully to /Users/drummel/Chromatik/Autosave/naga-proto.lxp
[LX 2024/08/19 21:09:54] Project auto-saved successfully to /Users/drummel/Chromatik/Autosave/naga-proto.lxp
[LX 2024/08/19 21:10:24] Project auto-saved successfully to /Users/drummel/Chromatik/Autosave/naga-proto.lxp
[LX 2024/08/19 21:10:39] Project auto-saved successfully to /Users/drummel/Chromatik/Autosave/naga-proto.lxp
[LX 2024/08/19 21:10:54] Project auto-saved successfully to /Users/drummel/Chromatik/Autosave/naga-proto.lxp
[LX 2024/08/19 21:11:09] Project auto-saved successfully to /Users/drummel/Chromatik/Autosave/naga-proto.lxp
[LX 2024/08/19 21:11:24] Project auto-saved successfully to /Users/drummel/Chromatik/Autosave/naga-proto.lxp
[LX 2024/08/19 21:11:39] Project auto-saved successfully to /Users/drummel/Chromatik/Autosave/naga-proto.lxp
[LX 2024/08/19 21:11:54] Project auto-saved successfully to /Users/drummel/Chromatik/Autosave/naga-proto.lxp
[LX 2024/08/19 21:12:09] Project auto-saved successfully to /Users/drummel/Chromatik/Autosave/naga-proto.lxp
[LX 2024/08/19 21:12:24] Project auto-saved successfully to /Users/drummel/Chromatik/Autosave/naga-proto.lxp
[LX 2024/08/19 21:12:39] Project auto-saved successfully to /Users/drummel/Chromatik/Autosave/naga-proto.lxp
[LX 2024/08/19 21:12:54] Project auto-saved successfully to /Users/drummel/Chromatik/Autosave/naga-proto.lxp
[LX 2024/08/19 21:13:39] Project auto-saved successfully to /Users/drummel/Chromatik/Autosave/naga-proto.lxp
[LX 2024/08/19 21:13:54] Project auto-saved successfully to /Users/drummel/Chromatik/Autosave/naga-proto.lxp
[LX 2024/08/19 21:14:09] Project auto-saved successfully to /Users/drummel/Chromatik/Autosave/naga-proto.lxp
[LX 2024/08/19 21:14:24] Project auto-saved successfully to /Users/drummel/Chromatik/Autosave/naga-proto.lxp
[LX 2024/08/19 22:24:28] Project auto-saved successfully to /Users/drummel/Chromatik/Autosave/naga-proto.lxp
[LX 2024/08/19 22:24:43] Project auto-saved successfully to /Users/drummel/Chromatik/Autosave/naga-proto.lxp
[LX 2024/08/19 22:24:58] Project auto-saved successfully to /Users/drummel/Chromatik/Autosave/naga-proto.lxp
[LX 2024/08/19 22:25:13] Project auto-saved successfully to /Users/drummel/Chromatik/Autosave/naga-proto.lxp
[LX 2024/08/19 22:25:28] Project auto-saved successfully to /Users/drummel/Chromatik/Autosave/naga-proto.lxp
[LX 2024/08/20 00:21:44] Project saved successfully to /Users/drummel/Chromatik/Projects/naga-custom-package.lxp
[GLX 2024/08/20 00:21:46] Stopping LX engine...
[LX 2024/08/20 00:21:46] LXEngine.ExecutorService has finished.
[LX 2024/08/20 00:21:46] [MIDI] LXMidiEngine Device Update Thread finished.
[GLX 2024/08/20 00:21:46] Done with main thread, GLX shutdown complete. Thanks for playing. <3
