[Chromatik 2024/10/12 18:13:10] Starting Chromatik version 1.0.0
[Chromatik 2024/10/12 18:13:10] Running java 17.0.9 Eclipse Adoptium Mac OS X 14.1.2 aarch64
[Chromatik 2024/10/12 18:13:11] Licensed to Daniel Rummel <drummel@gmail.com> - version 1.0.0 FREE - heronarts.lx.core
[LX 2024/10/12 18:13:11] Loading package content from: /Users/drummel/Chromatik/Packages/lxpackage-example-0.0.1-SNAPSHOT.jar
[LX 2024/10/12 18:13:11] JSON fixture file is empty: /Users/drummel/Chromatik/Fixtures/Naga/Something.lxf
[LX 2024/10/12 18:13:11] JSON fixture file is empty: /Users/drummel/Chromatik/Fixtures/Custom/Something.lxf
[GLX 2024/10/12 18:13:14] GLX monitorWorkarea: size(1440x900), pos(x:0,y:0)
[GLX 2024/10/12 18:13:14] GLX createWindow: 1440x872
[GLX 2024/10/12 18:13:14] GLX systemContentScale: 2.0x2.0
[GLX 2024/10/12 18:13:14] GLX windowSize: 1440x872
[GLX 2024/10/12 18:13:14] GLX setWindowPos: 0,28
[GLX 2024/10/12 18:13:14] GLX framebufferSize: 2880x1744
[GLX 2024/10/12 18:13:14] GLX uiSize: 1252.174x758.26086
[GLX 2024/10/12 18:13:14] GLX cursorScale: 0.86956525x0.8695652
[GLX 2024/10/12 18:13:14] Using BGFX renderer: Metal
[GLX 2024/10/12 18:13:14] Starting LX Engine...
[LX 2024/10/12 18:13:14] LXEngine.ExecutorService starting...
[GLX 2024/10/12 18:13:14] Bootstrap complete, running main loop.
[LX 2024/10/12 18:13:14] Opening project file: /Users/drummel/Chromatik/Projects/naga-cool-sparkle.lxp
[LX 2024/10/12 18:13:24] [I/O] Unknown host for fixture datagram: naga-h1.local: nodename nor servname provided, or not known
[LX 2024/10/12 18:13:29] [I/O] Unknown host for fixture datagram: naga-h2.local: nodename nor servname provided, or not known
[LX 2024/10/12 18:13:34] [I/O] Unknown host for fixture datagram: naga-h3.local: nodename nor servname provided, or not known
[GLX 2024/10/12 18:13:35] Stopping LX engine...
[LX 2024/10/12 18:13:36] LXEngine.ExecutorService has finished.
[LX 2024/10/12 18:13:39] [I/O] Unknown host for fixture datagram: naga-tail.local: nodename nor servname provided, or not known
[LX 2024/10/12 18:13:44] [I/O] Unknown host for fixture datagram: naga-h1.local: nodename nor servname provided, or not known
[LX 2024/10/12 18:13:49] [I/O] Unknown host for fixture datagram: naga-h2.local: nodename nor servname provided, or not known
[LX 2024/10/12 18:13:54] [I/O] Unknown host for fixture datagram: naga-h3.local: nodename nor servname provided, or not known
[LX 2024/10/12 18:13:59] [I/O] Unknown host for fixture datagram: naga-tail.local: nodename nor servname provided, or not known
[LX 2024/10/12 18:14:09] [I/O] Unknown host for fixture datagram: naga-h1.local: nodename nor servname provided, or not known
[LX 2024/10/12 18:14:14] [I/O] Unknown host for fixture datagram: naga-h2.local: nodename nor servname provided, or not known
[LX 2024/10/12 18:14:19] [I/O] Unknown host for fixture datagram: naga-h3.local: nodename nor servname provided, or not known
[LX 2024/10/12 18:14:24] [I/O] Unknown host for fixture datagram: naga-tail.local: nodename nor servname provided, or not known
[LX 2024/10/12 18:14:25] Project loaded successfully from /Users/drummel/Chromatik/Projects/naga-cool-sparkle.lxp
[LX 2024/10/12 18:14:25] [MIDI] LXMidiEngine Device Update Thread finished.
[GLX 2024/10/12 18:14:25] Done with main thread, GLX shutdown complete. Thanks for playing. <3
