[Chromatik 2024/12/08 07:49:18] Starting Chromatik version 1.0.0
[Chromatik 2024/12/08 07:49:18] Running java 17.0.9 Eclipse Adoptium Mac OS X 15.1.1 aarch64
[Chromatik 2024/12/08 07:49:18] Licensed to Daniel Rummel <drummel@gmail.com> - version 1.0.0 FREE - heronarts.lx.core
[LX 2024/12/08 07:49:18] Loading package content from: /Users/drummel/Chromatik/Packages/lxpackage-naga-0.0.1.jar
[LX 2024/12/08 07:49:18] Loading package content from: /Users/drummel/Chromatik/Packages/NagaPackage/target/lxpackage-naga-0.0.1.jar
[LX 2024/12/08 07:49:18] Unhandled exception in class loading: naga.SparkleMulticolor
java.lang.IllegalStateException: Attemping to register pattern twice: class naga.SparkleMulticolor
	at heronarts.lx.LXRegistry.addPattern(LXRegistry.java:719)
	at heronarts.lx.LXRegistry.addClass(LXRegistry.java:675)
	at heronarts.lx.studio.LXStudio$Registry.addClass(LXStudio.java:326)
	at heronarts.lx.LXClassLoader.loadClassEntry(LXClassLoader.java:227)
	at heronarts.lx.LXClassLoader.loadJarFile(LXClassLoader.java:190)
	at heronarts.lx.LXClassLoader.load(LXClassLoader.java:158)
	at heronarts.lx.LXRegistry.initialize(LXRegistry.java:514)
	at heronarts.lx.LX.<init>(LX.java:463)
	at heronarts.glx.GLX.<init>(GLX.java:151)
	at heronarts.lx.studio.LXStudio.<init>(LXStudio.java:143)
	at heronarts.lx.studio.LXStudio.<init>(LXStudio.java:139)
	at heronarts.lx.studio.Chromatik.<init>(Chromatik.java:45)
	at heronarts.lx.studio.Chromatik.main(Chromatik.java:319)
[LX 2024/12/08 07:49:18] Unhandled exception in class loading: naga.MovingStripes
java.lang.IllegalStateException: Attemping to register pattern twice: class naga.MovingStripes
	at heronarts.lx.LXRegistry.addPattern(LXRegistry.java:719)
	at heronarts.lx.LXRegistry.addClass(LXRegistry.java:675)
	at heronarts.lx.studio.LXStudio$Registry.addClass(LXStudio.java:326)
	at heronarts.lx.LXClassLoader.loadClassEntry(LXClassLoader.java:227)
	at heronarts.lx.LXClassLoader.loadJarFile(LXClassLoader.java:190)
	at heronarts.lx.LXClassLoader.load(LXClassLoader.java:158)
	at heronarts.lx.LXRegistry.initialize(LXRegistry.java:514)
	at heronarts.lx.LX.<init>(LX.java:463)
	at heronarts.glx.GLX.<init>(GLX.java:151)
	at heronarts.lx.studio.LXStudio.<init>(LXStudio.java:143)
	at heronarts.lx.studio.LXStudio.<init>(LXStudio.java:139)
	at heronarts.lx.studio.Chromatik.<init>(Chromatik.java:45)
	at heronarts.lx.studio.Chromatik.main(Chromatik.java:319)
[LX 2024/12/08 07:49:18] Unhandled exception in class loading: naga.patterns.PixelIsolator
java.lang.IllegalStateException: Attemping to register pattern twice: class naga.patterns.PixelIsolator
	at heronarts.lx.LXRegistry.addPattern(LXRegistry.java:719)
	at heronarts.lx.LXRegistry.addClass(LXRegistry.java:675)
	at heronarts.lx.studio.LXStudio$Registry.addClass(LXStudio.java:326)
	at heronarts.lx.LXClassLoader.loadClassEntry(LXClassLoader.java:227)
	at heronarts.lx.LXClassLoader.loadJarFile(LXClassLoader.java:190)
	at heronarts.lx.LXClassLoader.load(LXClassLoader.java:158)
	at heronarts.lx.LXRegistry.initialize(LXRegistry.java:514)
	at heronarts.lx.LX.<init>(LX.java:463)
	at heronarts.glx.GLX.<init>(GLX.java:151)
	at heronarts.lx.studio.LXStudio.<init>(LXStudio.java:143)
	at heronarts.lx.studio.LXStudio.<init>(LXStudio.java:139)
	at heronarts.lx.studio.Chromatik.<init>(Chromatik.java:45)
	at heronarts.lx.studio.Chromatik.main(Chromatik.java:319)
[LX 2024/12/08 07:49:18] Unhandled exception in class loading: naga.BreathingLight
java.lang.IllegalStateException: Attemping to register pattern twice: class naga.BreathingLight
	at heronarts.lx.LXRegistry.addPattern(LXRegistry.java:719)
	at heronarts.lx.LXRegistry.addClass(LXRegistry.java:675)
	at heronarts.lx.studio.LXStudio$Registry.addClass(LXStudio.java:326)
	at heronarts.lx.LXClassLoader.loadClassEntry(LXClassLoader.java:227)
	at heronarts.lx.LXClassLoader.loadJarFile(LXClassLoader.java:190)
	at heronarts.lx.LXClassLoader.load(LXClassLoader.java:158)
	at heronarts.lx.LXRegistry.initialize(LXRegistry.java:514)
	at heronarts.lx.LX.<init>(LX.java:463)
	at heronarts.glx.GLX.<init>(GLX.java:151)
	at heronarts.lx.studio.LXStudio.<init>(LXStudio.java:143)
	at heronarts.lx.studio.LXStudio.<init>(LXStudio.java:139)
	at heronarts.lx.studio.Chromatik.<init>(Chromatik.java:45)
	at heronarts.lx.studio.Chromatik.main(Chromatik.java:319)
[LX 2024/12/08 07:49:18] Unhandled exception in class loading: naga.HeartbeatSync
java.lang.IllegalStateException: Attemping to register pattern twice: class naga.HeartbeatSync
	at heronarts.lx.LXRegistry.addPattern(LXRegistry.java:719)
	at heronarts.lx.LXRegistry.addClass(LXRegistry.java:675)
	at heronarts.lx.studio.LXStudio$Registry.addClass(LXStudio.java:326)
	at heronarts.lx.LXClassLoader.loadClassEntry(LXClassLoader.java:227)
	at heronarts.lx.LXClassLoader.loadJarFile(LXClassLoader.java:190)
	at heronarts.lx.LXClassLoader.load(LXClassLoader.java:158)
	at heronarts.lx.LXRegistry.initialize(LXRegistry.java:514)
	at heronarts.lx.LX.<init>(LX.java:463)
	at heronarts.glx.GLX.<init>(GLX.java:151)
	at heronarts.lx.studio.LXStudio.<init>(LXStudio.java:143)
	at heronarts.lx.studio.LXStudio.<init>(LXStudio.java:139)
	at heronarts.lx.studio.Chromatik.<init>(Chromatik.java:45)
	at heronarts.lx.studio.Chromatik.main(Chromatik.java:319)
[LX 2024/12/08 07:49:18] Unhandled exception in class loading: naga.AlternatingThreeColorPattern
java.lang.IllegalStateException: Attemping to register pattern twice: class naga.AlternatingThreeColorPattern
	at heronarts.lx.LXRegistry.addPattern(LXRegistry.java:719)
	at heronarts.lx.LXRegistry.addClass(LXRegistry.java:675)
	at heronarts.lx.studio.LXStudio$Registry.addClass(LXStudio.java:326)
	at heronarts.lx.LXClassLoader.loadClassEntry(LXClassLoader.java:227)
	at heronarts.lx.LXClassLoader.loadJarFile(LXClassLoader.java:190)
	at heronarts.lx.LXClassLoader.load(LXClassLoader.java:158)
	at heronarts.lx.LXRegistry.initialize(LXRegistry.java:514)
	at heronarts.lx.LX.<init>(LX.java:463)
	at heronarts.glx.GLX.<init>(GLX.java:151)
	at heronarts.lx.studio.LXStudio.<init>(LXStudio.java:143)
	at heronarts.lx.studio.LXStudio.<init>(LXStudio.java:139)
	at heronarts.lx.studio.Chromatik.<init>(Chromatik.java:45)
	at heronarts.lx.studio.Chromatik.main(Chromatik.java:319)
[LX 2024/12/08 07:49:18] Unhandled exception in class loading: naga.LightningStrike
java.lang.IllegalStateException: Attemping to register pattern twice: class naga.LightningStrike
	at heronarts.lx.LXRegistry.addPattern(LXRegistry.java:719)
	at heronarts.lx.LXRegistry.addClass(LXRegistry.java:675)
	at heronarts.lx.studio.LXStudio$Registry.addClass(LXStudio.java:326)
	at heronarts.lx.LXClassLoader.loadClassEntry(LXClassLoader.java:227)
	at heronarts.lx.LXClassLoader.loadJarFile(LXClassLoader.java:190)
	at heronarts.lx.LXClassLoader.load(LXClassLoader.java:158)
	at heronarts.lx.LXRegistry.initialize(LXRegistry.java:514)
	at heronarts.lx.LX.<init>(LX.java:463)
	at heronarts.glx.GLX.<init>(GLX.java:151)
	at heronarts.lx.studio.LXStudio.<init>(LXStudio.java:143)
	at heronarts.lx.studio.LXStudio.<init>(LXStudio.java:139)
	at heronarts.lx.studio.Chromatik.<init>(Chromatik.java:45)
	at heronarts.lx.studio.Chromatik.main(Chromatik.java:319)
[LX 2024/12/08 07:49:18] Unhandled exception in class loading: naga.EmberGlow
java.lang.IllegalStateException: Attemping to register pattern twice: class naga.EmberGlow
	at heronarts.lx.LXRegistry.addPattern(LXRegistry.java:719)
	at heronarts.lx.LXRegistry.addClass(LXRegistry.java:675)
	at heronarts.lx.studio.LXStudio$Registry.addClass(LXStudio.java:326)
	at heronarts.lx.LXClassLoader.loadClassEntry(LXClassLoader.java:227)
	at heronarts.lx.LXClassLoader.loadJarFile(LXClassLoader.java:190)
	at heronarts.lx.LXClassLoader.load(LXClassLoader.java:158)
	at heronarts.lx.LXRegistry.initialize(LXRegistry.java:514)
	at heronarts.lx.LX.<init>(LX.java:463)
	at heronarts.glx.GLX.<init>(GLX.java:151)
	at heronarts.lx.studio.LXStudio.<init>(LXStudio.java:143)
	at heronarts.lx.studio.LXStudio.<init>(LXStudio.java:139)
	at heronarts.lx.studio.Chromatik.<init>(Chromatik.java:45)
	at heronarts.lx.studio.Chromatik.main(Chromatik.java:319)
[LX 2024/12/08 07:49:18] Unhandled exception in class loading: naga.SnakeCrawl
java.lang.IllegalStateException: Attemping to register pattern twice: class naga.SnakeCrawl
	at heronarts.lx.LXRegistry.addPattern(LXRegistry.java:719)
	at heronarts.lx.LXRegistry.addClass(LXRegistry.java:675)
	at heronarts.lx.studio.LXStudio$Registry.addClass(LXStudio.java:326)
	at heronarts.lx.LXClassLoader.loadClassEntry(LXClassLoader.java:227)
	at heronarts.lx.LXClassLoader.loadJarFile(LXClassLoader.java:190)
	at heronarts.lx.LXClassLoader.load(LXClassLoader.java:158)
	at heronarts.lx.LXRegistry.initialize(LXRegistry.java:514)
	at heronarts.lx.LX.<init>(LX.java:463)
	at heronarts.glx.GLX.<init>(GLX.java:151)
	at heronarts.lx.studio.LXStudio.<init>(LXStudio.java:143)
	at heronarts.lx.studio.LXStudio.<init>(LXStudio.java:139)
	at heronarts.lx.studio.Chromatik.<init>(Chromatik.java:45)
	at heronarts.lx.studio.Chromatik.main(Chromatik.java:319)
[LX 2024/12/08 07:49:18] Unhandled exception in class loading: naga.MulticolorSparkle
java.lang.IllegalStateException: Attemping to register pattern twice: class naga.MulticolorSparkle
	at heronarts.lx.LXRegistry.addPattern(LXRegistry.java:719)
	at heronarts.lx.LXRegistry.addClass(LXRegistry.java:675)
	at heronarts.lx.studio.LXStudio$Registry.addClass(LXStudio.java:326)
	at heronarts.lx.LXClassLoader.loadClassEntry(LXClassLoader.java:227)
	at heronarts.lx.LXClassLoader.loadJarFile(LXClassLoader.java:190)
	at heronarts.lx.LXClassLoader.load(LXClassLoader.java:158)
	at heronarts.lx.LXRegistry.initialize(LXRegistry.java:514)
	at heronarts.lx.LX.<init>(LX.java:463)
	at heronarts.glx.GLX.<init>(GLX.java:151)
	at heronarts.lx.studio.LXStudio.<init>(LXStudio.java:143)
	at heronarts.lx.studio.LXStudio.<init>(LXStudio.java:139)
	at heronarts.lx.studio.Chromatik.<init>(Chromatik.java:45)
	at heronarts.lx.studio.Chromatik.main(Chromatik.java:319)
[LX 2024/12/08 07:49:18] Unhandled exception in class loading: naga.MulticolorChase
java.lang.IllegalStateException: Attemping to register pattern twice: class naga.MulticolorChase
	at heronarts.lx.LXRegistry.addPattern(LXRegistry.java:719)
	at heronarts.lx.LXRegistry.addClass(LXRegistry.java:675)
	at heronarts.lx.studio.LXStudio$Registry.addClass(LXStudio.java:326)
	at heronarts.lx.LXClassLoader.loadClassEntry(LXClassLoader.java:227)
	at heronarts.lx.LXClassLoader.loadJarFile(LXClassLoader.java:190)
	at heronarts.lx.LXClassLoader.load(LXClassLoader.java:158)
	at heronarts.lx.LXRegistry.initialize(LXRegistry.java:514)
	at heronarts.lx.LX.<init>(LX.java:463)
	at heronarts.glx.GLX.<init>(GLX.java:151)
	at heronarts.lx.studio.LXStudio.<init>(LXStudio.java:143)
	at heronarts.lx.studio.LXStudio.<init>(LXStudio.java:139)
	at heronarts.lx.studio.Chromatik.<init>(Chromatik.java:45)
	at heronarts.lx.studio.Chromatik.main(Chromatik.java:319)
[LX 2024/12/08 07:49:18] Unhandled exception in class loading: naga.FireflyDance
java.lang.IllegalStateException: Attemping to register pattern twice: class naga.FireflyDance
	at heronarts.lx.LXRegistry.addPattern(LXRegistry.java:719)
	at heronarts.lx.LXRegistry.addClass(LXRegistry.java:675)
	at heronarts.lx.studio.LXStudio$Registry.addClass(LXStudio.java:326)
	at heronarts.lx.LXClassLoader.loadClassEntry(LXClassLoader.java:227)
	at heronarts.lx.LXClassLoader.loadJarFile(LXClassLoader.java:190)
	at heronarts.lx.LXClassLoader.load(LXClassLoader.java:158)
	at heronarts.lx.LXRegistry.initialize(LXRegistry.java:514)
	at heronarts.lx.LX.<init>(LX.java:463)
	at heronarts.glx.GLX.<init>(GLX.java:151)
	at heronarts.lx.studio.LXStudio.<init>(LXStudio.java:143)
	at heronarts.lx.studio.LXStudio.<init>(LXStudio.java:139)
	at heronarts.lx.studio.Chromatik.<init>(Chromatik.java:45)
	at heronarts.lx.studio.Chromatik.main(Chromatik.java:319)
[LX 2024/12/08 07:49:18] Unhandled exception in class loading: naga.SignalBurst
java.lang.IllegalStateException: Attemping to register pattern twice: class naga.SignalBurst
	at heronarts.lx.LXRegistry.addPattern(LXRegistry.java:719)
	at heronarts.lx.LXRegistry.addClass(LXRegistry.java:675)
	at heronarts.lx.studio.LXStudio$Registry.addClass(LXStudio.java:326)
	at heronarts.lx.LXClassLoader.loadClassEntry(LXClassLoader.java:227)
	at heronarts.lx.LXClassLoader.loadJarFile(LXClassLoader.java:190)
	at heronarts.lx.LXClassLoader.load(LXClassLoader.java:158)
	at heronarts.lx.LXRegistry.initialize(LXRegistry.java:514)
	at heronarts.lx.LX.<init>(LX.java:463)
	at heronarts.glx.GLX.<init>(GLX.java:151)
	at heronarts.lx.studio.LXStudio.<init>(LXStudio.java:143)
	at heronarts.lx.studio.LXStudio.<init>(LXStudio.java:139)
	at heronarts.lx.studio.Chromatik.<init>(Chromatik.java:45)
	at heronarts.lx.studio.Chromatik.main(Chromatik.java:319)
[LX 2024/12/08 07:49:18] Unhandled exception in class loading: naga.FogDrift
java.lang.IllegalStateException: Attemping to register pattern twice: class naga.FogDrift
	at heronarts.lx.LXRegistry.addPattern(LXRegistry.java:719)
	at heronarts.lx.LXRegistry.addClass(LXRegistry.java:675)
	at heronarts.lx.studio.LXStudio$Registry.addClass(LXStudio.java:326)
	at heronarts.lx.LXClassLoader.loadClassEntry(LXClassLoader.java:227)
	at heronarts.lx.LXClassLoader.loadJarFile(LXClassLoader.java:190)
	at heronarts.lx.LXClassLoader.load(LXClassLoader.java:158)
	at heronarts.lx.LXRegistry.initialize(LXRegistry.java:514)
	at heronarts.lx.LX.<init>(LX.java:463)
	at heronarts.glx.GLX.<init>(GLX.java:151)
	at heronarts.lx.studio.LXStudio.<init>(LXStudio.java:143)
	at heronarts.lx.studio.LXStudio.<init>(LXStudio.java:139)
	at heronarts.lx.studio.Chromatik.<init>(Chromatik.java:45)
	at heronarts.lx.studio.Chromatik.main(Chromatik.java:319)
[LX 2024/12/08 07:49:18] Unhandled exception in class loading: naga.effects.StrobeWaveEffect
java.lang.IllegalStateException: Attemping to register effect twice: class naga.effects.StrobeWaveEffect
	at heronarts.lx.LXRegistry.addEffect(LXRegistry.java:779)
	at heronarts.lx.LXRegistry.addClass(LXRegistry.java:678)
	at heronarts.lx.studio.LXStudio$Registry.addClass(LXStudio.java:326)
	at heronarts.lx.LXClassLoader.loadClassEntry(LXClassLoader.java:227)
	at heronarts.lx.LXClassLoader.loadJarFile(LXClassLoader.java:190)
	at heronarts.lx.LXClassLoader.load(LXClassLoader.java:158)
	at heronarts.lx.LXRegistry.initialize(LXRegistry.java:514)
	at heronarts.lx.LX.<init>(LX.java:463)
	at heronarts.glx.GLX.<init>(GLX.java:151)
	at heronarts.lx.studio.LXStudio.<init>(LXStudio.java:143)
	at heronarts.lx.studio.LXStudio.<init>(LXStudio.java:139)
	at heronarts.lx.studio.Chromatik.<init>(Chromatik.java:45)
	at heronarts.lx.studio.Chromatik.main(Chromatik.java:319)
[LX 2024/12/08 07:49:18] Unhandled exception in class loading: naga.effects.PixelTuner
java.lang.IllegalStateException: Attemping to register effect twice: class naga.effects.PixelTuner
	at heronarts.lx.LXRegistry.addEffect(LXRegistry.java:779)
	at heronarts.lx.LXRegistry.addClass(LXRegistry.java:678)
	at heronarts.lx.studio.LXStudio$Registry.addClass(LXStudio.java:326)
	at heronarts.lx.LXClassLoader.loadClassEntry(LXClassLoader.java:227)
	at heronarts.lx.LXClassLoader.loadJarFile(LXClassLoader.java:190)
	at heronarts.lx.LXClassLoader.load(LXClassLoader.java:158)
	at heronarts.lx.LXRegistry.initialize(LXRegistry.java:514)
	at heronarts.lx.LX.<init>(LX.java:463)
	at heronarts.glx.GLX.<init>(GLX.java:151)
	at heronarts.lx.studio.LXStudio.<init>(LXStudio.java:143)
	at heronarts.lx.studio.LXStudio.<init>(LXStudio.java:139)
	at heronarts.lx.studio.Chromatik.<init>(Chromatik.java:45)
	at heronarts.lx.studio.Chromatik.main(Chromatik.java:319)
[LX 2024/12/08 07:49:18] Unhandled exception in class loading: naga.SparkleTrail
java.lang.IllegalStateException: Attemping to register pattern twice: class naga.SparkleTrail
	at heronarts.lx.LXRegistry.addPattern(LXRegistry.java:719)
	at heronarts.lx.LXRegistry.addClass(LXRegistry.java:675)
	at heronarts.lx.studio.LXStudio$Registry.addClass(LXStudio.java:326)
	at heronarts.lx.LXClassLoader.loadClassEntry(LXClassLoader.java:227)
	at heronarts.lx.LXClassLoader.loadJarFile(LXClassLoader.java:190)
	at heronarts.lx.LXClassLoader.load(LXClassLoader.java:158)
	at heronarts.lx.LXRegistry.initialize(LXRegistry.java:514)
	at heronarts.lx.LX.<init>(LX.java:463)
	at heronarts.glx.GLX.<init>(GLX.java:151)
	at heronarts.lx.studio.LXStudio.<init>(LXStudio.java:143)
	at heronarts.lx.studio.LXStudio.<init>(LXStudio.java:139)
	at heronarts.lx.studio.Chromatik.<init>(Chromatik.java:45)
	at heronarts.lx.studio.Chromatik.main(Chromatik.java:319)
[LX 2024/12/08 07:49:18] JSON fixture file is empty: /Users/drummel/Chromatik/Fixtures/Naga/Something.lxf
[LX 2024/12/08 07:49:18] JSON fixture file is empty: /Users/drummel/Chromatik/Fixtures/Custom/Something.lxf
[GLX 2024/12/08 07:49:19] GLX monitorWorkarea: size(3440x1440), pos(x:0,y:0)
[GLX 2024/12/08 07:49:19] GLX createWindow: 1440x872
[GLX 2024/12/08 07:49:19] GLX systemContentScale: 1.0x1.0
[GLX 2024/12/08 07:49:19] GLX windowSize: 1440x872
[GLX 2024/12/08 07:49:19] GLX setWindowPos: 71,306
[GLX 2024/12/08 07:49:19] GLX framebufferSize: 1440x872
[GLX 2024/12/08 07:49:19] GLX uiSize: 1252.174x758.26086
[GLX 2024/12/08 07:49:19] GLX cursorScale: 0.86956525x0.8695652
[GLX 2024/12/08 07:49:19] Using BGFX renderer: Metal
[GLX 2024/12/08 07:49:19] Starting LX Engine...
[LX 2024/12/08 07:49:19] LXEngine.ExecutorService starting...
[GLX 2024/12/08 07:49:19] Bootstrap complete, running main loop.
[LX 2024/12/08 07:51:12] [I/O] Unknown host for fixture datagram: naga-head.local: nodename nor servname provided, or not known
[LX 2024/12/08 07:51:17] [I/O] Unknown host for fixture datagram: naga-h1.local: nodename nor servname provided, or not known
[LX 2024/12/08 07:51:25] [I/O] Unknown host for fixture datagram: naga-h3.local: nodename nor servname provided, or not known
[LX 2024/12/08 07:51:30] [I/O] Unknown host for fixture datagram: naga-tail.local: nodename nor servname provided, or not known
[LX 2024/12/08 07:51:35] [I/O] Unknown host for fixture datagram: naga-head.local: nodename nor servname provided, or not known
[LX 2024/12/08 07:51:35] [I/O] Unknown host for fixture datagram: naga-head.local
[LX 2024/12/08 07:51:35] [I/O] Unknown host for fixture datagram: naga-head.local
[LX 2024/12/08 07:51:40] [I/O] Unknown host for fixture datagram: naga-h1.local: nodename nor servname provided, or not known
[LX 2024/12/08 07:51:45] [I/O] Unknown host for fixture datagram: naga-h3.local: nodename nor servname provided, or not known
[LX 2024/12/08 07:51:50] [I/O] Unknown host for fixture datagram: naga-tail.local: nodename nor servname provided, or not known
[LX 2024/12/08 07:51:55] [I/O] Unknown host for fixture datagram: naga-head.local: nodename nor servname provided, or not known
[LX 2024/12/08 07:51:55] [I/O] Unknown host for fixture datagram: naga-head.local
[LX 2024/12/08 07:51:55] [I/O] Unknown host for fixture datagram: naga-head.local
[LX 2024/12/08 07:52:00] [I/O] Unknown host for fixture datagram: naga-h1.local: nodename nor servname provided, or not known
[LX 2024/12/08 07:52:10] [I/O] Unknown host for fixture datagram: naga-h3.local: nodename nor servname provided, or not known
[LX 2024/12/08 07:52:15] [I/O] Unknown host for fixture datagram: naga-tail.local: nodename nor servname provided, or not known
[LX 2024/12/08 07:52:15] Project loaded successfully from /Users/drummel/Chromatik/Projects/naga-cool-sparkle.lxp
[LX 2024/12/08 07:52:15] System.nanoTime() clock moved over 60s in a frame, resetting clock timer: 863919349056166
[LX 2024/12/08 07:52:45] Model exported successfully to /Users/drummel/Chromatik/Models/Naga-Model.lxm
[LX 2024/12/08 07:52:45] Project auto-saved successfully to /Users/drummel/Chromatik/Autosave/naga-cool-sparkle.lxp
[LX 2024/12/08 07:53:15] Model exported successfully to /Users/drummel/Chromatik/Models/Naga-Model.lxm
[LX 2024/12/08 07:53:15] Project auto-saved successfully to /Users/drummel/Chromatik/Autosave/naga-cool-sparkle.lxp
[LX 2024/12/08 07:53:30] Model exported successfully to /Users/drummel/Chromatik/Models/Naga-Model.lxm
[LX 2024/12/08 07:53:30] Project auto-saved successfully to /Users/drummel/Chromatik/Autosave/naga-cool-sparkle.lxp
[LX 2024/12/08 07:53:45] Model exported successfully to /Users/drummel/Chromatik/Models/Naga-Model.lxm
[LX 2024/12/08 07:53:45] Project auto-saved successfully to /Users/drummel/Chromatik/Autosave/naga-cool-sparkle.lxp
[LX 2024/12/08 07:55:45] Model exported successfully to /Users/drummel/Chromatik/Models/Naga-Model.lxm
[LX 2024/12/08 07:55:45] Project auto-saved successfully to /Users/drummel/Chromatik/Autosave/naga-cool-sparkle.lxp
[LX 2024/12/08 07:56:00] Model exported successfully to /Users/drummel/Chromatik/Models/Naga-Model.lxm
[LX 2024/12/08 07:56:00] Project auto-saved successfully to /Users/drummel/Chromatik/Autosave/naga-cool-sparkle.lxp
[LX 2024/12/08 07:58:18] Model exported successfully to /Users/drummel/Chromatik/Models/Naga-Model.lxm
[LX 2024/12/08 07:58:18] Project auto-saved successfully to /Users/drummel/Chromatik/Autosave/naga-cool-sparkle.lxp
[LX 2024/12/08 07:59:48] Model exported successfully to /Users/drummel/Chromatik/Models/Naga-Model.lxm
[LX 2024/12/08 07:59:48] Project auto-saved successfully to /Users/drummel/Chromatik/Autosave/naga-cool-sparkle.lxp
[LX 2024/12/08 08:00:03] Model exported successfully to /Users/drummel/Chromatik/Models/Naga-Model.lxm
[LX 2024/12/08 08:00:03] Project auto-saved successfully to /Users/drummel/Chromatik/Autosave/naga-cool-sparkle.lxp
[LX 2024/12/08 08:00:04] Model exported successfully to /Users/drummel/Chromatik/Models/Naga-Model.lxm
[LX 2024/12/08 08:00:04] Project saved successfully to /Users/drummel/Chromatik/Projects/naga-cool-sparkle.lxp
[LX 2024/12/08 08:00:06] Model exported successfully to /Users/drummel/Chromatik/Models/Naga-Model.lxm
[LX 2024/12/08 08:00:06] Project saved successfully to /Users/drummel/Chromatik/Projects/naga-cool-sparkle.lxp
[GLX 2024/12/08 08:00:19] Stopping LX engine...
[LX 2024/12/08 08:00:19] LXEngine.ExecutorService has finished.
[LX 2024/12/08 08:00:19] [MIDI] LXMidiEngine Device Update Thread finished.
[GLX 2024/12/08 08:00:19] Done with main thread, GLX shutdown complete. Thanks for playing. <3
