[Chromatik 2024/12/07 22:13:12] Starting Chromatik version 1.0.0
[Chromatik 2024/12/07 22:13:12] Running java 17.0.9 Eclipse Adoptium Mac OS X 15.1.1 aarch64
[Chromatik 2024/12/07 22:13:12] No Chromatik license present, features will be limited.
[LX 2024/12/07 22:13:12] JSON fixture file is empty: /Users/drummel/Chromatik/Fixtures/Naga/Something.lxf
[LX 2024/12/07 22:13:12] JSON fixture file is empty: /Users/drummel/Chromatik/Fixtures/Custom/Something.lxf
[GLX 2024/12/07 22:13:12] GLX monitorWorkarea: size(3440x1440), pos(x:0,y:0)
[GLX 2024/12/07 22:13:12] GLX createWindow: 1440x872
[GLX 2024/12/07 22:13:12] GLX systemContentScale: 1.0x1.0
[GLX 2024/12/07 22:13:12] GLX windowSize: 1440x872
[GLX 2024/12/07 22:13:12] GLX setWindowPos: 71,306
[GLX 2024/12/07 22:13:12] GLX framebufferSize: 1440x872
[GLX 2024/12/07 22:13:12] GLX uiSize: 1252.174x758.26086
[GLX 2024/12/07 22:13:12] GLX cursorScale: 0.86956525x0.8695652
[GLX 2024/12/07 22:13:12] Using BGFX renderer: Metal
[GLX 2024/12/07 22:13:13] Starting LX Engine...
[LX 2024/12/07 22:13:13] LXEngine.ExecutorService starting...
[GLX 2024/12/07 22:13:13] Bootstrap complete, running main loop.
[LX 2024/12/07 22:13:13] Opening project file: /Users/drummel/Chromatik/Projects/naga-cool-sparkle.lxp
[LX 2024/12/07 22:13:18] [I/O] Unknown host for fixture datagram: naga-head.local: nodename nor servname provided, or not known
[LX 2024/12/07 22:13:23] [I/O] Unknown host for fixture datagram: naga-h1.local: nodename nor servname provided, or not known
[LX 2024/12/07 22:13:28] [I/O] Unknown host for fixture datagram: naga-h2.local: nodename nor servname provided, or not known
[LX 2024/12/07 22:13:38] [I/O] Unknown host for fixture datagram: naga-tail.local: nodename nor servname provided, or not known
[LX 2024/12/07 22:13:43] [I/O] Unknown host for fixture datagram: naga-head.local: nodename nor servname provided, or not known
[LX 2024/12/07 22:13:43] [I/O] Unknown host for fixture datagram: naga-head.local
[LX 2024/12/07 22:13:43] [I/O] Unknown host for fixture datagram: naga-head.local
[LX 2024/12/07 22:13:48] [I/O] Unknown host for fixture datagram: naga-h1.local: nodename nor servname provided, or not known
[LX 2024/12/07 22:13:53] [I/O] Unknown host for fixture datagram: naga-h2.local: nodename nor servname provided, or not known
[LX 2024/12/07 22:13:58] [I/O] Unknown host for fixture datagram: naga-tail.local: nodename nor servname provided, or not known
[LX 2024/12/07 22:14:03] [I/O] Unknown host for fixture datagram: naga-head.local: nodename nor servname provided, or not known
[LX 2024/12/07 22:14:03] [I/O] Unknown host for fixture datagram: naga-head.local
[LX 2024/12/07 22:14:03] [I/O] Unknown host for fixture datagram: naga-head.local
[LX 2024/12/07 22:14:08] [I/O] Unknown host for fixture datagram: naga-h1.local: nodename nor servname provided, or not known
[LX 2024/12/07 22:14:13] [I/O] Unknown host for fixture datagram: naga-h2.local: nodename nor servname provided, or not known
[LX 2024/12/07 22:14:23] [I/O] Unknown host for fixture datagram: naga-tail.local: nodename nor servname provided, or not known
[LX 2024/12/07 22:14:23] Exception in instantiateComponent: naga.effects.StrobeWaveEffect
java.lang.ClassNotFoundException: naga.effects.StrobeWaveEffect
	at java.base/java.net.URLClassLoader.findClass(Unknown Source)
	at java.base/java.lang.ClassLoader.loadClass(Unknown Source)
	at java.base/java.lang.ClassLoader.loadClass(Unknown Source)
	at java.base/java.lang.Class.forName0(Native Method)
	at java.base/java.lang.Class.forName(Unknown Source)
	at heronarts.lx.LX.instantiateComponent(LX.java:1264)
	at heronarts.lx.LX.instantiateEffect(LX.java:1319)
	at heronarts.lx.pattern.LXPattern.loadEffect(LXPattern.java:676)
	at heronarts.lx.pattern.LXPattern.load(LXPattern.java:663)
	at heronarts.lx.mixer.LXChannel.loadPattern(LXChannel.java:1168)
	at heronarts.lx.mixer.LXChannel.load(LXChannel.java:1135)
	at heronarts.lx.mixer.LXMixerEngine.loadChannel(LXMixerEngine.java:1233)
	at heronarts.lx.mixer.LXMixerEngine.loadChannel(LXMixerEngine.java:1219)
	at heronarts.lx.mixer.LXMixerEngine.load(LXMixerEngine.java:1182)
	at heronarts.lx.LXComponent.load(LXComponent.java:1415)
	at heronarts.lx.LXEngine.load(LXEngine.java:1359)
	at heronarts.lx.LX.openProject(LX.java:1060)
	at heronarts.lx.LXPreferences.loadInitialProject(LXPreferences.java:325)
	at heronarts.lx.studio.Chromatik.lambda$main$0(Chromatik.java:331)
	at heronarts.lx.LXEngine._run(LXEngine.java:1073)
	at heronarts.lx.LXEngine.run(LXEngine.java:973)
	at heronarts.lx.LXEngine.access$1400(LXEngine.java:66)
	at heronarts.lx.LXEngine$ExecutorService.runLoop(LXEngine.java:719)
	at java.base/java.util.concurrent.Executors$RunnableAdapter.call(Unknown Source)
	at java.base/java.util.concurrent.FutureTask.runAndReset(Unknown Source)
	at java.base/java.util.concurrent.ScheduledThreadPoolExecutor$ScheduledFutureTask.run(Unknown Source)
	at java.base/java.util.concurrent.ThreadPoolExecutor.runWorker(Unknown Source)
	at java.base/java.util.concurrent.ThreadPoolExecutor$Worker.run(Unknown Source)
	at java.base/java.lang.Thread.run(Unknown Source)
[LX 2024/12/07 22:14:23] Using placeholder class for missing effect: naga.effects.StrobeWaveEffect
[LX 2024/12/07 22:14:23] Exception in instantiateComponent: naga.SignalBurst
java.lang.ClassNotFoundException: naga.SignalBurst
	at java.base/java.net.URLClassLoader.findClass(Unknown Source)
	at java.base/java.lang.ClassLoader.loadClass(Unknown Source)
	at java.base/java.lang.ClassLoader.loadClass(Unknown Source)
	at java.base/java.lang.Class.forName0(Native Method)
	at java.base/java.lang.Class.forName(Unknown Source)
	at heronarts.lx.LX.instantiateComponent(LX.java:1264)
	at heronarts.lx.LX.instantiatePattern(LX.java:1311)
	at heronarts.lx.mixer.LXChannel.loadPattern(LXChannel.java:1162)
	at heronarts.lx.mixer.LXChannel.load(LXChannel.java:1135)
	at heronarts.lx.mixer.LXMixerEngine.loadChannel(LXMixerEngine.java:1233)
	at heronarts.lx.mixer.LXMixerEngine.loadChannel(LXMixerEngine.java:1219)
	at heronarts.lx.mixer.LXMixerEngine.load(LXMixerEngine.java:1182)
	at heronarts.lx.LXComponent.load(LXComponent.java:1415)
	at heronarts.lx.LXEngine.load(LXEngine.java:1359)
	at heronarts.lx.LX.openProject(LX.java:1060)
	at heronarts.lx.LXPreferences.loadInitialProject(LXPreferences.java:325)
	at heronarts.lx.studio.Chromatik.lambda$main$0(Chromatik.java:331)
	at heronarts.lx.LXEngine._run(LXEngine.java:1073)
	at heronarts.lx.LXEngine.run(LXEngine.java:973)
	at heronarts.lx.LXEngine.access$1400(LXEngine.java:66)
	at heronarts.lx.LXEngine$ExecutorService.runLoop(LXEngine.java:719)
	at java.base/java.util.concurrent.Executors$RunnableAdapter.call(Unknown Source)
	at java.base/java.util.concurrent.FutureTask.runAndReset(Unknown Source)
	at java.base/java.util.concurrent.ScheduledThreadPoolExecutor$ScheduledFutureTask.run(Unknown Source)
	at java.base/java.util.concurrent.ThreadPoolExecutor.runWorker(Unknown Source)
	at java.base/java.util.concurrent.ThreadPoolExecutor$Worker.run(Unknown Source)
	at java.base/java.lang.Thread.run(Unknown Source)
[LX 2024/12/07 22:14:23] Using placeholder class for missing pattern: naga.SignalBurst
[LX 2024/12/07 22:14:23] Exception in instantiateComponent: naga.LightningStrike
java.lang.ClassNotFoundException: naga.LightningStrike
	at java.base/java.net.URLClassLoader.findClass(Unknown Source)
	at java.base/java.lang.ClassLoader.loadClass(Unknown Source)
	at java.base/java.lang.ClassLoader.loadClass(Unknown Source)
	at java.base/java.lang.Class.forName0(Native Method)
	at java.base/java.lang.Class.forName(Unknown Source)
	at heronarts.lx.LX.instantiateComponent(LX.java:1264)
	at heronarts.lx.LX.instantiatePattern(LX.java:1311)
	at heronarts.lx.mixer.LXChannel.loadPattern(LXChannel.java:1162)
	at heronarts.lx.mixer.LXChannel.load(LXChannel.java:1135)
	at heronarts.lx.mixer.LXMixerEngine.loadChannel(LXMixerEngine.java:1233)
	at heronarts.lx.mixer.LXMixerEngine.loadChannel(LXMixerEngine.java:1219)
	at heronarts.lx.mixer.LXMixerEngine.load(LXMixerEngine.java:1182)
	at heronarts.lx.LXComponent.load(LXComponent.java:1415)
	at heronarts.lx.LXEngine.load(LXEngine.java:1359)
	at heronarts.lx.LX.openProject(LX.java:1060)
	at heronarts.lx.LXPreferences.loadInitialProject(LXPreferences.java:325)
	at heronarts.lx.studio.Chromatik.lambda$main$0(Chromatik.java:331)
	at heronarts.lx.LXEngine._run(LXEngine.java:1073)
	at heronarts.lx.LXEngine.run(LXEngine.java:973)
	at heronarts.lx.LXEngine.access$1400(LXEngine.java:66)
	at heronarts.lx.LXEngine$ExecutorService.runLoop(LXEngine.java:719)
	at java.base/java.util.concurrent.Executors$RunnableAdapter.call(Unknown Source)
	at java.base/java.util.concurrent.FutureTask.runAndReset(Unknown Source)
	at java.base/java.util.concurrent.ScheduledThreadPoolExecutor$ScheduledFutureTask.run(Unknown Source)
	at java.base/java.util.concurrent.ThreadPoolExecutor.runWorker(Unknown Source)
	at java.base/java.util.concurrent.ThreadPoolExecutor$Worker.run(Unknown Source)
	at java.base/java.lang.Thread.run(Unknown Source)
[LX 2024/12/07 22:14:23] Using placeholder class for missing pattern: naga.LightningStrike
[LX 2024/12/07 22:14:23] Exception in instantiateComponent: naga.SparkleTrail
java.lang.ClassNotFoundException: naga.SparkleTrail
	at java.base/java.net.URLClassLoader.findClass(Unknown Source)
	at java.base/java.lang.ClassLoader.loadClass(Unknown Source)
	at java.base/java.lang.ClassLoader.loadClass(Unknown Source)
	at java.base/java.lang.Class.forName0(Native Method)
	at java.base/java.lang.Class.forName(Unknown Source)
	at heronarts.lx.LX.instantiateComponent(LX.java:1264)
	at heronarts.lx.LX.instantiatePattern(LX.java:1311)
	at heronarts.lx.mixer.LXChannel.loadPattern(LXChannel.java:1162)
	at heronarts.lx.mixer.LXChannel.load(LXChannel.java:1135)
	at heronarts.lx.mixer.LXMixerEngine.loadChannel(LXMixerEngine.java:1233)
	at heronarts.lx.mixer.LXMixerEngine.loadChannel(LXMixerEngine.java:1219)
	at heronarts.lx.mixer.LXMixerEngine.load(LXMixerEngine.java:1182)
	at heronarts.lx.LXComponent.load(LXComponent.java:1415)
	at heronarts.lx.LXEngine.load(LXEngine.java:1359)
	at heronarts.lx.LX.openProject(LX.java:1060)
	at heronarts.lx.LXPreferences.loadInitialProject(LXPreferences.java:325)
	at heronarts.lx.studio.Chromatik.lambda$main$0(Chromatik.java:331)
	at heronarts.lx.LXEngine._run(LXEngine.java:1073)
	at heronarts.lx.LXEngine.run(LXEngine.java:973)
	at heronarts.lx.LXEngine.access$1400(LXEngine.java:66)
	at heronarts.lx.LXEngine$ExecutorService.runLoop(LXEngine.java:719)
	at java.base/java.util.concurrent.Executors$RunnableAdapter.call(Unknown Source)
	at java.base/java.util.concurrent.FutureTask.runAndReset(Unknown Source)
	at java.base/java.util.concurrent.ScheduledThreadPoolExecutor$ScheduledFutureTask.run(Unknown Source)
	at java.base/java.util.concurrent.ThreadPoolExecutor.runWorker(Unknown Source)
	at java.base/java.util.concurrent.ThreadPoolExecutor$Worker.run(Unknown Source)
	at java.base/java.lang.Thread.run(Unknown Source)
[LX 2024/12/07 22:14:23] Using placeholder class for missing pattern: naga.SparkleTrail
[LX 2024/12/07 22:14:23] Project loaded successfully from /Users/drummel/Chromatik/Projects/naga-cool-sparkle.lxp
[LX 2024/12/07 22:14:23] [I/O] Network output is disabled due to license restrictions.
[LX 2024/12/07 22:14:23] System.nanoTime() clock moved over 60s in a frame, resetting clock timer: 829246013013250
[GLX 2024/12/07 22:14:23] Framebuffer had to initialize itself before a bind() call ever occurred - UIContextOverlay
java.lang.Exception
	at heronarts.glx.ui.vg.VGraphics$Framebuffer.initialize(VGraphics.java:267)
	at heronarts.glx.ui.UI2dContext.draw(UI2dContext.java:104)
	at heronarts.glx.ui.UI$UIRoot.draw(UI.java:342)
	at heronarts.glx.ui.UI.draw(UI.java:983)
	at heronarts.glx.GLX.draw(GLX.java:707)
	at heronarts.glx.GLX.loop(GLX.java:658)
	at heronarts.glx.GLX.run(GLX.java:200)
	at heronarts.lx.studio.Chromatik.main(Chromatik.java:340)
[Chromatik 2024/12/07 22:15:22] Licensed to Daniel Rummel <drummel@gmail.com> - version 1.0.0 FREE - heronarts.lx.core
[LX 2024/12/07 22:15:22] [I/O] Network output restored.
[LX 2024/12/07 22:16:15] Reloading custom content folders
[LX 2024/12/07 22:16:15] Loading package content from: /Users/drummel/Chromatik/Packages/lxpackage-naga-0.0.1.jar
[LX 2024/12/07 22:16:15] Loading package content from: /Users/drummel/Chromatik/Packages/NagaPackage/target/lxpackage-naga-0.0.1.jar
[LX 2024/12/07 22:16:15] Unhandled exception in class loading: naga.SparkleMulticolor
java.lang.IllegalStateException: Attemping to register pattern twice: class naga.SparkleMulticolor
	at heronarts.lx.LXRegistry.addPattern(LXRegistry.java:719)
	at heronarts.lx.LXRegistry.addClass(LXRegistry.java:675)
	at heronarts.lx.studio.LXStudio$Registry.addClass(LXStudio.java:326)
	at heronarts.lx.LXClassLoader.loadClassEntry(LXClassLoader.java:227)
	at heronarts.lx.LXClassLoader.loadJarFile(LXClassLoader.java:190)
	at heronarts.lx.LXClassLoader.load(LXClassLoader.java:158)
	at heronarts.lx.LXRegistry.reloadContent(LXRegistry.java:555)
	at heronarts.lx.LXRegistry.installPackage(LXRegistry.java:595)
	at heronarts.lx.LXRegistry.installPackage(LXRegistry.java:579)
	at heronarts.lx.studio.ui.browser.UIPackageManager$1.lambda$onToggle$0(UIPackageManager.java:64)
	at heronarts.glx.GLX.lambda$showOpenFileDialog$21(GLX.java:890)
	at heronarts.lx.LXEngine._run(LXEngine.java:1073)
	at heronarts.lx.LXEngine.run(LXEngine.java:973)
	at heronarts.lx.LXEngine.access$1400(LXEngine.java:66)
	at heronarts.lx.LXEngine$ExecutorService.runLoop(LXEngine.java:719)
	at java.base/java.util.concurrent.Executors$RunnableAdapter.call(Unknown Source)
	at java.base/java.util.concurrent.FutureTask.runAndReset(Unknown Source)
	at java.base/java.util.concurrent.ScheduledThreadPoolExecutor$ScheduledFutureTask.run(Unknown Source)
	at java.base/java.util.concurrent.ThreadPoolExecutor.runWorker(Unknown Source)
	at java.base/java.util.concurrent.ThreadPoolExecutor$Worker.run(Unknown Source)
	at java.base/java.lang.Thread.run(Unknown Source)
[LX 2024/12/07 22:16:15] Unhandled exception in class loading: naga.MovingStripes
java.lang.IllegalStateException: Attemping to register pattern twice: class naga.MovingStripes
	at heronarts.lx.LXRegistry.addPattern(LXRegistry.java:719)
	at heronarts.lx.LXRegistry.addClass(LXRegistry.java:675)
	at heronarts.lx.studio.LXStudio$Registry.addClass(LXStudio.java:326)
	at heronarts.lx.LXClassLoader.loadClassEntry(LXClassLoader.java:227)
	at heronarts.lx.LXClassLoader.loadJarFile(LXClassLoader.java:190)
	at heronarts.lx.LXClassLoader.load(LXClassLoader.java:158)
	at heronarts.lx.LXRegistry.reloadContent(LXRegistry.java:555)
	at heronarts.lx.LXRegistry.installPackage(LXRegistry.java:595)
	at heronarts.lx.LXRegistry.installPackage(LXRegistry.java:579)
	at heronarts.lx.studio.ui.browser.UIPackageManager$1.lambda$onToggle$0(UIPackageManager.java:64)
	at heronarts.glx.GLX.lambda$showOpenFileDialog$21(GLX.java:890)
	at heronarts.lx.LXEngine._run(LXEngine.java:1073)
	at heronarts.lx.LXEngine.run(LXEngine.java:973)
	at heronarts.lx.LXEngine.access$1400(LXEngine.java:66)
	at heronarts.lx.LXEngine$ExecutorService.runLoop(LXEngine.java:719)
	at java.base/java.util.concurrent.Executors$RunnableAdapter.call(Unknown Source)
	at java.base/java.util.concurrent.FutureTask.runAndReset(Unknown Source)
	at java.base/java.util.concurrent.ScheduledThreadPoolExecutor$ScheduledFutureTask.run(Unknown Source)
	at java.base/java.util.concurrent.ThreadPoolExecutor.runWorker(Unknown Source)
	at java.base/java.util.concurrent.ThreadPoolExecutor$Worker.run(Unknown Source)
	at java.base/java.lang.Thread.run(Unknown Source)
[LX 2024/12/07 22:16:15] Unhandled exception in class loading: naga.patterns.PixelIsolator
java.lang.IllegalStateException: Attemping to register pattern twice: class naga.patterns.PixelIsolator
	at heronarts.lx.LXRegistry.addPattern(LXRegistry.java:719)
	at heronarts.lx.LXRegistry.addClass(LXRegistry.java:675)
	at heronarts.lx.studio.LXStudio$Registry.addClass(LXStudio.java:326)
	at heronarts.lx.LXClassLoader.loadClassEntry(LXClassLoader.java:227)
	at heronarts.lx.LXClassLoader.loadJarFile(LXClassLoader.java:190)
	at heronarts.lx.LXClassLoader.load(LXClassLoader.java:158)
	at heronarts.lx.LXRegistry.reloadContent(LXRegistry.java:555)
	at heronarts.lx.LXRegistry.installPackage(LXRegistry.java:595)
	at heronarts.lx.LXRegistry.installPackage(LXRegistry.java:579)
	at heronarts.lx.studio.ui.browser.UIPackageManager$1.lambda$onToggle$0(UIPackageManager.java:64)
	at heronarts.glx.GLX.lambda$showOpenFileDialog$21(GLX.java:890)
	at heronarts.lx.LXEngine._run(LXEngine.java:1073)
	at heronarts.lx.LXEngine.run(LXEngine.java:973)
	at heronarts.lx.LXEngine.access$1400(LXEngine.java:66)
	at heronarts.lx.LXEngine$ExecutorService.runLoop(LXEngine.java:719)
	at java.base/java.util.concurrent.Executors$RunnableAdapter.call(Unknown Source)
	at java.base/java.util.concurrent.FutureTask.runAndReset(Unknown Source)
	at java.base/java.util.concurrent.ScheduledThreadPoolExecutor$ScheduledFutureTask.run(Unknown Source)
	at java.base/java.util.concurrent.ThreadPoolExecutor.runWorker(Unknown Source)
	at java.base/java.util.concurrent.ThreadPoolExecutor$Worker.run(Unknown Source)
	at java.base/java.lang.Thread.run(Unknown Source)
[LX 2024/12/07 22:16:15] Unhandled exception in class loading: naga.BreathingLight
java.lang.IllegalStateException: Attemping to register pattern twice: class naga.BreathingLight
	at heronarts.lx.LXRegistry.addPattern(LXRegistry.java:719)
	at heronarts.lx.LXRegistry.addClass(LXRegistry.java:675)
	at heronarts.lx.studio.LXStudio$Registry.addClass(LXStudio.java:326)
	at heronarts.lx.LXClassLoader.loadClassEntry(LXClassLoader.java:227)
	at heronarts.lx.LXClassLoader.loadJarFile(LXClassLoader.java:190)
	at heronarts.lx.LXClassLoader.load(LXClassLoader.java:158)
	at heronarts.lx.LXRegistry.reloadContent(LXRegistry.java:555)
	at heronarts.lx.LXRegistry.installPackage(LXRegistry.java:595)
	at heronarts.lx.LXRegistry.installPackage(LXRegistry.java:579)
	at heronarts.lx.studio.ui.browser.UIPackageManager$1.lambda$onToggle$0(UIPackageManager.java:64)
	at heronarts.glx.GLX.lambda$showOpenFileDialog$21(GLX.java:890)
	at heronarts.lx.LXEngine._run(LXEngine.java:1073)
	at heronarts.lx.LXEngine.run(LXEngine.java:973)
	at heronarts.lx.LXEngine.access$1400(LXEngine.java:66)
	at heronarts.lx.LXEngine$ExecutorService.runLoop(LXEngine.java:719)
	at java.base/java.util.concurrent.Executors$RunnableAdapter.call(Unknown Source)
	at java.base/java.util.concurrent.FutureTask.runAndReset(Unknown Source)
	at java.base/java.util.concurrent.ScheduledThreadPoolExecutor$ScheduledFutureTask.run(Unknown Source)
	at java.base/java.util.concurrent.ThreadPoolExecutor.runWorker(Unknown Source)
	at java.base/java.util.concurrent.ThreadPoolExecutor$Worker.run(Unknown Source)
	at java.base/java.lang.Thread.run(Unknown Source)
[LX 2024/12/07 22:16:15] Unhandled exception in class loading: naga.HeartbeatSync
java.lang.IllegalStateException: Attemping to register pattern twice: class naga.HeartbeatSync
	at heronarts.lx.LXRegistry.addPattern(LXRegistry.java:719)
	at heronarts.lx.LXRegistry.addClass(LXRegistry.java:675)
	at heronarts.lx.studio.LXStudio$Registry.addClass(LXStudio.java:326)
	at heronarts.lx.LXClassLoader.loadClassEntry(LXClassLoader.java:227)
	at heronarts.lx.LXClassLoader.loadJarFile(LXClassLoader.java:190)
	at heronarts.lx.LXClassLoader.load(LXClassLoader.java:158)
	at heronarts.lx.LXRegistry.reloadContent(LXRegistry.java:555)
	at heronarts.lx.LXRegistry.installPackage(LXRegistry.java:595)
	at heronarts.lx.LXRegistry.installPackage(LXRegistry.java:579)
	at heronarts.lx.studio.ui.browser.UIPackageManager$1.lambda$onToggle$0(UIPackageManager.java:64)
	at heronarts.glx.GLX.lambda$showOpenFileDialog$21(GLX.java:890)
	at heronarts.lx.LXEngine._run(LXEngine.java:1073)
	at heronarts.lx.LXEngine.run(LXEngine.java:973)
	at heronarts.lx.LXEngine.access$1400(LXEngine.java:66)
	at heronarts.lx.LXEngine$ExecutorService.runLoop(LXEngine.java:719)
	at java.base/java.util.concurrent.Executors$RunnableAdapter.call(Unknown Source)
	at java.base/java.util.concurrent.FutureTask.runAndReset(Unknown Source)
	at java.base/java.util.concurrent.ScheduledThreadPoolExecutor$ScheduledFutureTask.run(Unknown Source)
	at java.base/java.util.concurrent.ThreadPoolExecutor.runWorker(Unknown Source)
	at java.base/java.util.concurrent.ThreadPoolExecutor$Worker.run(Unknown Source)
	at java.base/java.lang.Thread.run(Unknown Source)
[LX 2024/12/07 22:16:15] Unhandled exception in class loading: naga.AlternatingThreeColorPattern
java.lang.IllegalStateException: Attemping to register pattern twice: class naga.AlternatingThreeColorPattern
	at heronarts.lx.LXRegistry.addPattern(LXRegistry.java:719)
	at heronarts.lx.LXRegistry.addClass(LXRegistry.java:675)
	at heronarts.lx.studio.LXStudio$Registry.addClass(LXStudio.java:326)
	at heronarts.lx.LXClassLoader.loadClassEntry(LXClassLoader.java:227)
	at heronarts.lx.LXClassLoader.loadJarFile(LXClassLoader.java:190)
	at heronarts.lx.LXClassLoader.load(LXClassLoader.java:158)
	at heronarts.lx.LXRegistry.reloadContent(LXRegistry.java:555)
	at heronarts.lx.LXRegistry.installPackage(LXRegistry.java:595)
	at heronarts.lx.LXRegistry.installPackage(LXRegistry.java:579)
	at heronarts.lx.studio.ui.browser.UIPackageManager$1.lambda$onToggle$0(UIPackageManager.java:64)
	at heronarts.glx.GLX.lambda$showOpenFileDialog$21(GLX.java:890)
	at heronarts.lx.LXEngine._run(LXEngine.java:1073)
	at heronarts.lx.LXEngine.run(LXEngine.java:973)
	at heronarts.lx.LXEngine.access$1400(LXEngine.java:66)
	at heronarts.lx.LXEngine$ExecutorService.runLoop(LXEngine.java:719)
	at java.base/java.util.concurrent.Executors$RunnableAdapter.call(Unknown Source)
	at java.base/java.util.concurrent.FutureTask.runAndReset(Unknown Source)
	at java.base/java.util.concurrent.ScheduledThreadPoolExecutor$ScheduledFutureTask.run(Unknown Source)
	at java.base/java.util.concurrent.ThreadPoolExecutor.runWorker(Unknown Source)
	at java.base/java.util.concurrent.ThreadPoolExecutor$Worker.run(Unknown Source)
	at java.base/java.lang.Thread.run(Unknown Source)
[LX 2024/12/07 22:16:15] Unhandled exception in class loading: naga.LightningStrike
java.lang.IllegalStateException: Attemping to register pattern twice: class naga.LightningStrike
	at heronarts.lx.LXRegistry.addPattern(LXRegistry.java:719)
	at heronarts.lx.LXRegistry.addClass(LXRegistry.java:675)
	at heronarts.lx.studio.LXStudio$Registry.addClass(LXStudio.java:326)
	at heronarts.lx.LXClassLoader.loadClassEntry(LXClassLoader.java:227)
	at heronarts.lx.LXClassLoader.loadJarFile(LXClassLoader.java:190)
	at heronarts.lx.LXClassLoader.load(LXClassLoader.java:158)
	at heronarts.lx.LXRegistry.reloadContent(LXRegistry.java:555)
	at heronarts.lx.LXRegistry.installPackage(LXRegistry.java:595)
	at heronarts.lx.LXRegistry.installPackage(LXRegistry.java:579)
	at heronarts.lx.studio.ui.browser.UIPackageManager$1.lambda$onToggle$0(UIPackageManager.java:64)
	at heronarts.glx.GLX.lambda$showOpenFileDialog$21(GLX.java:890)
	at heronarts.lx.LXEngine._run(LXEngine.java:1073)
	at heronarts.lx.LXEngine.run(LXEngine.java:973)
	at heronarts.lx.LXEngine.access$1400(LXEngine.java:66)
	at heronarts.lx.LXEngine$ExecutorService.runLoop(LXEngine.java:719)
	at java.base/java.util.concurrent.Executors$RunnableAdapter.call(Unknown Source)
	at java.base/java.util.concurrent.FutureTask.runAndReset(Unknown Source)
	at java.base/java.util.concurrent.ScheduledThreadPoolExecutor$ScheduledFutureTask.run(Unknown Source)
	at java.base/java.util.concurrent.ThreadPoolExecutor.runWorker(Unknown Source)
	at java.base/java.util.concurrent.ThreadPoolExecutor$Worker.run(Unknown Source)
	at java.base/java.lang.Thread.run(Unknown Source)
[LX 2024/12/07 22:16:15] Unhandled exception in class loading: naga.EmberGlow
java.lang.IllegalStateException: Attemping to register pattern twice: class naga.EmberGlow
	at heronarts.lx.LXRegistry.addPattern(LXRegistry.java:719)
	at heronarts.lx.LXRegistry.addClass(LXRegistry.java:675)
	at heronarts.lx.studio.LXStudio$Registry.addClass(LXStudio.java:326)
	at heronarts.lx.LXClassLoader.loadClassEntry(LXClassLoader.java:227)
	at heronarts.lx.LXClassLoader.loadJarFile(LXClassLoader.java:190)
	at heronarts.lx.LXClassLoader.load(LXClassLoader.java:158)
	at heronarts.lx.LXRegistry.reloadContent(LXRegistry.java:555)
	at heronarts.lx.LXRegistry.installPackage(LXRegistry.java:595)
	at heronarts.lx.LXRegistry.installPackage(LXRegistry.java:579)
	at heronarts.lx.studio.ui.browser.UIPackageManager$1.lambda$onToggle$0(UIPackageManager.java:64)
	at heronarts.glx.GLX.lambda$showOpenFileDialog$21(GLX.java:890)
	at heronarts.lx.LXEngine._run(LXEngine.java:1073)
	at heronarts.lx.LXEngine.run(LXEngine.java:973)
	at heronarts.lx.LXEngine.access$1400(LXEngine.java:66)
	at heronarts.lx.LXEngine$ExecutorService.runLoop(LXEngine.java:719)
	at java.base/java.util.concurrent.Executors$RunnableAdapter.call(Unknown Source)
	at java.base/java.util.concurrent.FutureTask.runAndReset(Unknown Source)
	at java.base/java.util.concurrent.ScheduledThreadPoolExecutor$ScheduledFutureTask.run(Unknown Source)
	at java.base/java.util.concurrent.ThreadPoolExecutor.runWorker(Unknown Source)
	at java.base/java.util.concurrent.ThreadPoolExecutor$Worker.run(Unknown Source)
	at java.base/java.lang.Thread.run(Unknown Source)
[LX 2024/12/07 22:16:15] Unhandled exception in class loading: naga.SnakeCrawl
java.lang.IllegalStateException: Attemping to register pattern twice: class naga.SnakeCrawl
	at heronarts.lx.LXRegistry.addPattern(LXRegistry.java:719)
	at heronarts.lx.LXRegistry.addClass(LXRegistry.java:675)
	at heronarts.lx.studio.LXStudio$Registry.addClass(LXStudio.java:326)
	at heronarts.lx.LXClassLoader.loadClassEntry(LXClassLoader.java:227)
	at heronarts.lx.LXClassLoader.loadJarFile(LXClassLoader.java:190)
	at heronarts.lx.LXClassLoader.load(LXClassLoader.java:158)
	at heronarts.lx.LXRegistry.reloadContent(LXRegistry.java:555)
	at heronarts.lx.LXRegistry.installPackage(LXRegistry.java:595)
	at heronarts.lx.LXRegistry.installPackage(LXRegistry.java:579)
	at heronarts.lx.studio.ui.browser.UIPackageManager$1.lambda$onToggle$0(UIPackageManager.java:64)
	at heronarts.glx.GLX.lambda$showOpenFileDialog$21(GLX.java:890)
	at heronarts.lx.LXEngine._run(LXEngine.java:1073)
	at heronarts.lx.LXEngine.run(LXEngine.java:973)
	at heronarts.lx.LXEngine.access$1400(LXEngine.java:66)
	at heronarts.lx.LXEngine$ExecutorService.runLoop(LXEngine.java:719)
	at java.base/java.util.concurrent.Executors$RunnableAdapter.call(Unknown Source)
	at java.base/java.util.concurrent.FutureTask.runAndReset(Unknown Source)
	at java.base/java.util.concurrent.ScheduledThreadPoolExecutor$ScheduledFutureTask.run(Unknown Source)
	at java.base/java.util.concurrent.ThreadPoolExecutor.runWorker(Unknown Source)
	at java.base/java.util.concurrent.ThreadPoolExecutor$Worker.run(Unknown Source)
	at java.base/java.lang.Thread.run(Unknown Source)
[LX 2024/12/07 22:16:15] Unhandled exception in class loading: naga.MulticolorSparkle
java.lang.IllegalStateException: Attemping to register pattern twice: class naga.MulticolorSparkle
	at heronarts.lx.LXRegistry.addPattern(LXRegistry.java:719)
	at heronarts.lx.LXRegistry.addClass(LXRegistry.java:675)
	at heronarts.lx.studio.LXStudio$Registry.addClass(LXStudio.java:326)
	at heronarts.lx.LXClassLoader.loadClassEntry(LXClassLoader.java:227)
	at heronarts.lx.LXClassLoader.loadJarFile(LXClassLoader.java:190)
	at heronarts.lx.LXClassLoader.load(LXClassLoader.java:158)
	at heronarts.lx.LXRegistry.reloadContent(LXRegistry.java:555)
	at heronarts.lx.LXRegistry.installPackage(LXRegistry.java:595)
	at heronarts.lx.LXRegistry.installPackage(LXRegistry.java:579)
	at heronarts.lx.studio.ui.browser.UIPackageManager$1.lambda$onToggle$0(UIPackageManager.java:64)
	at heronarts.glx.GLX.lambda$showOpenFileDialog$21(GLX.java:890)
	at heronarts.lx.LXEngine._run(LXEngine.java:1073)
	at heronarts.lx.LXEngine.run(LXEngine.java:973)
	at heronarts.lx.LXEngine.access$1400(LXEngine.java:66)
	at heronarts.lx.LXEngine$ExecutorService.runLoop(LXEngine.java:719)
	at java.base/java.util.concurrent.Executors$RunnableAdapter.call(Unknown Source)
	at java.base/java.util.concurrent.FutureTask.runAndReset(Unknown Source)
	at java.base/java.util.concurrent.ScheduledThreadPoolExecutor$ScheduledFutureTask.run(Unknown Source)
	at java.base/java.util.concurrent.ThreadPoolExecutor.runWorker(Unknown Source)
	at java.base/java.util.concurrent.ThreadPoolExecutor$Worker.run(Unknown Source)
	at java.base/java.lang.Thread.run(Unknown Source)
[LX 2024/12/07 22:16:15] Unhandled exception in class loading: naga.MulticolorChase
java.lang.IllegalStateException: Attemping to register pattern twice: class naga.MulticolorChase
	at heronarts.lx.LXRegistry.addPattern(LXRegistry.java:719)
	at heronarts.lx.LXRegistry.addClass(LXRegistry.java:675)
	at heronarts.lx.studio.LXStudio$Registry.addClass(LXStudio.java:326)
	at heronarts.lx.LXClassLoader.loadClassEntry(LXClassLoader.java:227)
	at heronarts.lx.LXClassLoader.loadJarFile(LXClassLoader.java:190)
	at heronarts.lx.LXClassLoader.load(LXClassLoader.java:158)
	at heronarts.lx.LXRegistry.reloadContent(LXRegistry.java:555)
	at heronarts.lx.LXRegistry.installPackage(LXRegistry.java:595)
	at heronarts.lx.LXRegistry.installPackage(LXRegistry.java:579)
	at heronarts.lx.studio.ui.browser.UIPackageManager$1.lambda$onToggle$0(UIPackageManager.java:64)
	at heronarts.glx.GLX.lambda$showOpenFileDialog$21(GLX.java:890)
	at heronarts.lx.LXEngine._run(LXEngine.java:1073)
	at heronarts.lx.LXEngine.run(LXEngine.java:973)
	at heronarts.lx.LXEngine.access$1400(LXEngine.java:66)
	at heronarts.lx.LXEngine$ExecutorService.runLoop(LXEngine.java:719)
	at java.base/java.util.concurrent.Executors$RunnableAdapter.call(Unknown Source)
	at java.base/java.util.concurrent.FutureTask.runAndReset(Unknown Source)
	at java.base/java.util.concurrent.ScheduledThreadPoolExecutor$ScheduledFutureTask.run(Unknown Source)
	at java.base/java.util.concurrent.ThreadPoolExecutor.runWorker(Unknown Source)
	at java.base/java.util.concurrent.ThreadPoolExecutor$Worker.run(Unknown Source)
	at java.base/java.lang.Thread.run(Unknown Source)
[LX 2024/12/07 22:16:15] Unhandled exception in class loading: naga.FireflyDance
java.lang.IllegalStateException: Attemping to register pattern twice: class naga.FireflyDance
	at heronarts.lx.LXRegistry.addPattern(LXRegistry.java:719)
	at heronarts.lx.LXRegistry.addClass(LXRegistry.java:675)
	at heronarts.lx.studio.LXStudio$Registry.addClass(LXStudio.java:326)
	at heronarts.lx.LXClassLoader.loadClassEntry(LXClassLoader.java:227)
	at heronarts.lx.LXClassLoader.loadJarFile(LXClassLoader.java:190)
	at heronarts.lx.LXClassLoader.load(LXClassLoader.java:158)
	at heronarts.lx.LXRegistry.reloadContent(LXRegistry.java:555)
	at heronarts.lx.LXRegistry.installPackage(LXRegistry.java:595)
	at heronarts.lx.LXRegistry.installPackage(LXRegistry.java:579)
	at heronarts.lx.studio.ui.browser.UIPackageManager$1.lambda$onToggle$0(UIPackageManager.java:64)
	at heronarts.glx.GLX.lambda$showOpenFileDialog$21(GLX.java:890)
	at heronarts.lx.LXEngine._run(LXEngine.java:1073)
	at heronarts.lx.LXEngine.run(LXEngine.java:973)
	at heronarts.lx.LXEngine.access$1400(LXEngine.java:66)
	at heronarts.lx.LXEngine$ExecutorService.runLoop(LXEngine.java:719)
	at java.base/java.util.concurrent.Executors$RunnableAdapter.call(Unknown Source)
	at java.base/java.util.concurrent.FutureTask.runAndReset(Unknown Source)
	at java.base/java.util.concurrent.ScheduledThreadPoolExecutor$ScheduledFutureTask.run(Unknown Source)
	at java.base/java.util.concurrent.ThreadPoolExecutor.runWorker(Unknown Source)
	at java.base/java.util.concurrent.ThreadPoolExecutor$Worker.run(Unknown Source)
	at java.base/java.lang.Thread.run(Unknown Source)
[LX 2024/12/07 22:16:15] Unhandled exception in class loading: naga.SignalBurst
java.lang.IllegalStateException: Attemping to register pattern twice: class naga.SignalBurst
	at heronarts.lx.LXRegistry.addPattern(LXRegistry.java:719)
	at heronarts.lx.LXRegistry.addClass(LXRegistry.java:675)
	at heronarts.lx.studio.LXStudio$Registry.addClass(LXStudio.java:326)
	at heronarts.lx.LXClassLoader.loadClassEntry(LXClassLoader.java:227)
	at heronarts.lx.LXClassLoader.loadJarFile(LXClassLoader.java:190)
	at heronarts.lx.LXClassLoader.load(LXClassLoader.java:158)
	at heronarts.lx.LXRegistry.reloadContent(LXRegistry.java:555)
	at heronarts.lx.LXRegistry.installPackage(LXRegistry.java:595)
	at heronarts.lx.LXRegistry.installPackage(LXRegistry.java:579)
	at heronarts.lx.studio.ui.browser.UIPackageManager$1.lambda$onToggle$0(UIPackageManager.java:64)
	at heronarts.glx.GLX.lambda$showOpenFileDialog$21(GLX.java:890)
	at heronarts.lx.LXEngine._run(LXEngine.java:1073)
	at heronarts.lx.LXEngine.run(LXEngine.java:973)
	at heronarts.lx.LXEngine.access$1400(LXEngine.java:66)
	at heronarts.lx.LXEngine$ExecutorService.runLoop(LXEngine.java:719)
	at java.base/java.util.concurrent.Executors$RunnableAdapter.call(Unknown Source)
	at java.base/java.util.concurrent.FutureTask.runAndReset(Unknown Source)
	at java.base/java.util.concurrent.ScheduledThreadPoolExecutor$ScheduledFutureTask.run(Unknown Source)
	at java.base/java.util.concurrent.ThreadPoolExecutor.runWorker(Unknown Source)
	at java.base/java.util.concurrent.ThreadPoolExecutor$Worker.run(Unknown Source)
	at java.base/java.lang.Thread.run(Unknown Source)
[LX 2024/12/07 22:16:15] Unhandled exception in class loading: naga.FogDrift
java.lang.IllegalStateException: Attemping to register pattern twice: class naga.FogDrift
	at heronarts.lx.LXRegistry.addPattern(LXRegistry.java:719)
	at heronarts.lx.LXRegistry.addClass(LXRegistry.java:675)
	at heronarts.lx.studio.LXStudio$Registry.addClass(LXStudio.java:326)
	at heronarts.lx.LXClassLoader.loadClassEntry(LXClassLoader.java:227)
	at heronarts.lx.LXClassLoader.loadJarFile(LXClassLoader.java:190)
	at heronarts.lx.LXClassLoader.load(LXClassLoader.java:158)
	at heronarts.lx.LXRegistry.reloadContent(LXRegistry.java:555)
	at heronarts.lx.LXRegistry.installPackage(LXRegistry.java:595)
	at heronarts.lx.LXRegistry.installPackage(LXRegistry.java:579)
	at heronarts.lx.studio.ui.browser.UIPackageManager$1.lambda$onToggle$0(UIPackageManager.java:64)
	at heronarts.glx.GLX.lambda$showOpenFileDialog$21(GLX.java:890)
	at heronarts.lx.LXEngine._run(LXEngine.java:1073)
	at heronarts.lx.LXEngine.run(LXEngine.java:973)
	at heronarts.lx.LXEngine.access$1400(LXEngine.java:66)
	at heronarts.lx.LXEngine$ExecutorService.runLoop(LXEngine.java:719)
	at java.base/java.util.concurrent.Executors$RunnableAdapter.call(Unknown Source)
	at java.base/java.util.concurrent.FutureTask.runAndReset(Unknown Source)
	at java.base/java.util.concurrent.ScheduledThreadPoolExecutor$ScheduledFutureTask.run(Unknown Source)
	at java.base/java.util.concurrent.ThreadPoolExecutor.runWorker(Unknown Source)
	at java.base/java.util.concurrent.ThreadPoolExecutor$Worker.run(Unknown Source)
	at java.base/java.lang.Thread.run(Unknown Source)
[LX 2024/12/07 22:16:15] Unhandled exception in class loading: naga.effects.StrobeWaveEffect
java.lang.IllegalStateException: Attemping to register effect twice: class naga.effects.StrobeWaveEffect
	at heronarts.lx.LXRegistry.addEffect(LXRegistry.java:779)
	at heronarts.lx.LXRegistry.addClass(LXRegistry.java:678)
	at heronarts.lx.studio.LXStudio$Registry.addClass(LXStudio.java:326)
	at heronarts.lx.LXClassLoader.loadClassEntry(LXClassLoader.java:227)
	at heronarts.lx.LXClassLoader.loadJarFile(LXClassLoader.java:190)
	at heronarts.lx.LXClassLoader.load(LXClassLoader.java:158)
	at heronarts.lx.LXRegistry.reloadContent(LXRegistry.java:555)
	at heronarts.lx.LXRegistry.installPackage(LXRegistry.java:595)
	at heronarts.lx.LXRegistry.installPackage(LXRegistry.java:579)
	at heronarts.lx.studio.ui.browser.UIPackageManager$1.lambda$onToggle$0(UIPackageManager.java:64)
	at heronarts.glx.GLX.lambda$showOpenFileDialog$21(GLX.java:890)
	at heronarts.lx.LXEngine._run(LXEngine.java:1073)
	at heronarts.lx.LXEngine.run(LXEngine.java:973)
	at heronarts.lx.LXEngine.access$1400(LXEngine.java:66)
	at heronarts.lx.LXEngine$ExecutorService.runLoop(LXEngine.java:719)
	at java.base/java.util.concurrent.Executors$RunnableAdapter.call(Unknown Source)
	at java.base/java.util.concurrent.FutureTask.runAndReset(Unknown Source)
	at java.base/java.util.concurrent.ScheduledThreadPoolExecutor$ScheduledFutureTask.run(Unknown Source)
	at java.base/java.util.concurrent.ThreadPoolExecutor.runWorker(Unknown Source)
	at java.base/java.util.concurrent.ThreadPoolExecutor$Worker.run(Unknown Source)
	at java.base/java.lang.Thread.run(Unknown Source)
[LX 2024/12/07 22:16:15] Unhandled exception in class loading: naga.effects.PixelTuner
java.lang.IllegalStateException: Attemping to register effect twice: class naga.effects.PixelTuner
	at heronarts.lx.LXRegistry.addEffect(LXRegistry.java:779)
	at heronarts.lx.LXRegistry.addClass(LXRegistry.java:678)
	at heronarts.lx.studio.LXStudio$Registry.addClass(LXStudio.java:326)
	at heronarts.lx.LXClassLoader.loadClassEntry(LXClassLoader.java:227)
	at heronarts.lx.LXClassLoader.loadJarFile(LXClassLoader.java:190)
	at heronarts.lx.LXClassLoader.load(LXClassLoader.java:158)
	at heronarts.lx.LXRegistry.reloadContent(LXRegistry.java:555)
	at heronarts.lx.LXRegistry.installPackage(LXRegistry.java:595)
	at heronarts.lx.LXRegistry.installPackage(LXRegistry.java:579)
	at heronarts.lx.studio.ui.browser.UIPackageManager$1.lambda$onToggle$0(UIPackageManager.java:64)
	at heronarts.glx.GLX.lambda$showOpenFileDialog$21(GLX.java:890)
	at heronarts.lx.LXEngine._run(LXEngine.java:1073)
	at heronarts.lx.LXEngine.run(LXEngine.java:973)
	at heronarts.lx.LXEngine.access$1400(LXEngine.java:66)
	at heronarts.lx.LXEngine$ExecutorService.runLoop(LXEngine.java:719)
	at java.base/java.util.concurrent.Executors$RunnableAdapter.call(Unknown Source)
	at java.base/java.util.concurrent.FutureTask.runAndReset(Unknown Source)
	at java.base/java.util.concurrent.ScheduledThreadPoolExecutor$ScheduledFutureTask.run(Unknown Source)
	at java.base/java.util.concurrent.ThreadPoolExecutor.runWorker(Unknown Source)
	at java.base/java.util.concurrent.ThreadPoolExecutor$Worker.run(Unknown Source)
	at java.base/java.lang.Thread.run(Unknown Source)
[LX 2024/12/07 22:16:15] Unhandled exception in class loading: naga.SparkleTrail
java.lang.IllegalStateException: Attemping to register pattern twice: class naga.SparkleTrail
	at heronarts.lx.LXRegistry.addPattern(LXRegistry.java:719)
	at heronarts.lx.LXRegistry.addClass(LXRegistry.java:675)
	at heronarts.lx.studio.LXStudio$Registry.addClass(LXStudio.java:326)
	at heronarts.lx.LXClassLoader.loadClassEntry(LXClassLoader.java:227)
	at heronarts.lx.LXClassLoader.loadJarFile(LXClassLoader.java:190)
	at heronarts.lx.LXClassLoader.load(LXClassLoader.java:158)
	at heronarts.lx.LXRegistry.reloadContent(LXRegistry.java:555)
	at heronarts.lx.LXRegistry.installPackage(LXRegistry.java:595)
	at heronarts.lx.LXRegistry.installPackage(LXRegistry.java:579)
	at heronarts.lx.studio.ui.browser.UIPackageManager$1.lambda$onToggle$0(UIPackageManager.java:64)
	at heronarts.glx.GLX.lambda$showOpenFileDialog$21(GLX.java:890)
	at heronarts.lx.LXEngine._run(LXEngine.java:1073)
	at heronarts.lx.LXEngine.run(LXEngine.java:973)
	at heronarts.lx.LXEngine.access$1400(LXEngine.java:66)
	at heronarts.lx.LXEngine$ExecutorService.runLoop(LXEngine.java:719)
	at java.base/java.util.concurrent.Executors$RunnableAdapter.call(Unknown Source)
	at java.base/java.util.concurrent.FutureTask.runAndReset(Unknown Source)
	at java.base/java.util.concurrent.ScheduledThreadPoolExecutor$ScheduledFutureTask.run(Unknown Source)
	at java.base/java.util.concurrent.ThreadPoolExecutor.runWorker(Unknown Source)
	at java.base/java.util.concurrent.ThreadPoolExecutor$Worker.run(Unknown Source)
	at java.base/java.lang.Thread.run(Unknown Source)
[LX 2024/12/07 22:16:15] JSON fixture file is empty: /Users/drummel/Chromatik/Fixtures/Naga/Something.lxf
[LX 2024/12/07 22:16:15] JSON fixture file is empty: /Users/drummel/Chromatik/Fixtures/Custom/Something.lxf
[LX 2024/12/07 22:16:15] Package content reloaded.
[LX 2024/12/07 22:16:53] Model exported successfully to /Users/drummel/Chromatik/Models/Naga-Model.lxm
[LX 2024/12/07 22:16:53] Project auto-saved successfully to /Users/drummel/Chromatik/Autosave/naga-cool-sparkle.lxp
[LX 2024/12/07 22:17:04] [I/O] Unknown host for fixture datagram: naga-h3.local: nodename nor servname provided, or not known
[LX 2024/12/07 22:17:04] [I/O] Unknown host for fixture datagram: naga-h3.local
[LX 2024/12/07 22:17:04] [I/O] Unknown host for fixture datagram: naga-h3.local
[LX 2024/12/07 22:17:08] Model exported successfully to /Users/drummel/Chromatik/Models/Naga-Model.lxm
[LX 2024/12/07 22:17:08] Project auto-saved successfully to /Users/drummel/Chromatik/Autosave/naga-cool-sparkle.lxp
[LX 2024/12/07 22:17:23] Model exported successfully to /Users/drummel/Chromatik/Models/Naga-Model.lxm
[LX 2024/12/07 22:17:23] Project auto-saved successfully to /Users/drummel/Chromatik/Autosave/naga-cool-sparkle.lxp
[LX 2024/12/07 22:17:38] Model exported successfully to /Users/drummel/Chromatik/Models/Naga-Model.lxm
[LX 2024/12/07 22:17:38] Project auto-saved successfully to /Users/drummel/Chromatik/Autosave/naga-cool-sparkle.lxp
[LX 2024/12/07 22:17:53] Model exported successfully to /Users/drummel/Chromatik/Models/Naga-Model.lxm
[LX 2024/12/07 22:17:53] Project auto-saved successfully to /Users/drummel/Chromatik/Autosave/naga-cool-sparkle.lxp
[LX 2024/12/07 22:18:23] Model exported successfully to /Users/drummel/Chromatik/Models/Naga-Model.lxm
[LX 2024/12/07 22:18:23] Project auto-saved successfully to /Users/drummel/Chromatik/Autosave/naga-cool-sparkle.lxp
[LX 2024/12/07 22:18:38] Model exported successfully to /Users/drummel/Chromatik/Models/Naga-Model.lxm
[LX 2024/12/07 22:18:38] Project auto-saved successfully to /Users/drummel/Chromatik/Autosave/naga-cool-sparkle.lxp
[LX 2024/12/07 22:20:52] Model exported successfully to /Users/drummel/Chromatik/Models/Naga-Model.lxm
[LX 2024/12/07 22:20:52] Project saved successfully to /Users/drummel/Chromatik/Projects/naga-cool-sparkle.lxp
