[Chromatik 2024/10/12 14:27:11] Starting Chromatik version 1.0.0
[Chromatik 2024/10/12 14:27:11] Running java 17.0.9 Eclipse Adoptium Mac OS X 14.1.2 aarch64
[Chromatik 2024/10/12 14:27:11] Licensed to Daniel Rummel <drummel@gmail.com> - version 1.0.0 FREE - heronarts.lx.core
[LX 2024/10/12 14:27:11] Loading package content from: /Users/drummel/Chromatik/Packages/lxpackage-example-0.0.1-SNAPSHOT.jar
[LX 2024/10/12 14:27:11] JSON fixture file is empty: /Users/drummel/Chromatik/Fixtures/Naga/Something.lxf
[LX 2024/10/12 14:27:11] JSON fixture file is empty: /Users/drummel/Chromatik/Fixtures/Custom/Something.lxf
[GLX 2024/10/12 14:27:15] GLX monitorWorkarea: size(1440x900), pos(x:0,y:0)
[GLX 2024/10/12 14:27:15] GLX createWindow: 1440x872
[GLX 2024/10/12 14:27:15] GLX systemContentScale: 2.0x2.0
[GLX 2024/10/12 14:27:15] GLX windowSize: 1440x872
[GLX 2024/10/12 14:27:15] GLX setWindowPos: 0,28
[GLX 2024/10/12 14:27:15] GLX framebufferSize: 2880x1744
[GLX 2024/10/12 14:27:15] GLX uiSize: 1440.0x872.0
[GLX 2024/10/12 14:27:15] GLX cursorScale: 1.0x1.0
[GLX 2024/10/12 14:27:15] Using BGFX renderer: Metal
[GLX 2024/10/12 14:27:15] Starting LX Engine...
[LX 2024/10/12 14:27:15] LXEngine.ExecutorService starting...
[GLX 2024/10/12 14:27:15] Bootstrap complete, running main loop.
[LX 2024/10/12 14:27:15] Opening project file: /Users/drummel/Chromatik/Projects/naga-cool-sparkle.lxp
[LX 2024/10/12 14:27:25] [I/O] Unknown host for fixture datagram: naga-h1.local: nodename nor servname provided, or not known
[LX 2024/10/12 14:27:30] [I/O] Unknown host for fixture datagram: naga-h2.local: nodename nor servname provided, or not known
[LX 2024/10/12 14:27:35] [I/O] Unknown host for fixture datagram: naga-h3.local: nodename nor servname provided, or not known
[LX 2024/10/12 14:27:40] [I/O] Unknown host for fixture datagram: naga-tail.local: nodename nor servname provided, or not known
[LX 2024/10/12 14:27:45] [I/O] Unknown host for fixture datagram: naga-h1.local: nodename nor servname provided, or not known
[LX 2024/10/12 14:27:50] [I/O] Unknown host for fixture datagram: naga-h2.local: nodename nor servname provided, or not known
[LX 2024/10/12 14:27:55] [I/O] Unknown host for fixture datagram: naga-h3.local: nodename nor servname provided, or not known
[LX 2024/10/12 14:28:00] [I/O] Unknown host for fixture datagram: naga-tail.local: nodename nor servname provided, or not known
[LX 2024/10/12 14:28:10] [I/O] Unknown host for fixture datagram: naga-h1.local: nodename nor servname provided, or not known
[LX 2024/10/12 14:28:15] [I/O] Unknown host for fixture datagram: naga-h2.local: nodename nor servname provided, or not known
[LX 2024/10/12 14:28:20] [I/O] Unknown host for fixture datagram: naga-h3.local: nodename nor servname provided, or not known
[LX 2024/10/12 14:28:25] [I/O] Unknown host for fixture datagram: naga-tail.local: nodename nor servname provided, or not known
[LX 2024/10/12 14:28:25] Project loaded successfully from /Users/drummel/Chromatik/Projects/naga-cool-sparkle.lxp
[LX 2024/10/12 14:28:25] System.nanoTime() clock moved over 60s in a frame, resetting clock timer: 34993816552333
[GLX 2024/10/12 14:31:51] Stopping LX engine...
[LX 2024/10/12 14:31:51] LXEngine.ExecutorService has finished.
[LX 2024/10/12 14:31:51] [MIDI] LXMidiEngine Device Update Thread finished.
[GLX 2024/10/12 14:31:51] Done with main thread, GLX shutdown complete. Thanks for playing. <3
