[Chromatik 2024/10/12 17:09:30] Starting Chromatik version 1.0.0
[Chromatik 2024/10/12 17:09:30] Running java 17.0.9 Eclipse Adoptium Mac OS X 14.1.2 aarch64
[Chromatik 2024/10/12 17:09:30] Licensed to Daniel Rummel <drummel@gmail.com> - version 1.0.0 FREE - heronarts.lx.core
[LX 2024/10/12 17:09:30] Loading package content from: /Users/drummel/Chromatik/Packages/lxpackage-example-0.0.1-SNAPSHOT.jar
[LX 2024/10/12 17:09:30] JSON fixture file is empty: /Users/drummel/Chromatik/Fixtures/Naga/Something.lxf
[LX 2024/10/12 17:09:30] JSON fixture file is empty: /Users/drummel/Chromatik/Fixtures/Custom/Something.lxf
[GLX 2024/10/12 17:09:33] GLX monitorWorkarea: size(1440x900), pos(x:0,y:0)
[GLX 2024/10/12 17:09:33] GLX createWindow: 1440x872
[GLX 2024/10/12 17:09:33] GLX systemContentScale: 2.0x2.0
[GLX 2024/10/12 17:09:33] GLX windowSize: 1440x872
[GLX 2024/10/12 17:09:33] GLX setWindowPos: 0,28
[GLX 2024/10/12 17:09:33] GLX framebufferSize: 2880x1744
[GLX 2024/10/12 17:09:33] GLX uiSize: 1252.174x758.26086
[GLX 2024/10/12 17:09:33] GLX cursorScale: 0.86956525x0.8695652
[GLX 2024/10/12 17:09:33] Using BGFX renderer: Metal
[GLX 2024/10/12 17:09:33] Starting LX Engine...
[LX 2024/10/12 17:09:33] LXEngine.ExecutorService starting...
[GLX 2024/10/12 17:09:33] Bootstrap complete, running main loop.
[LX 2024/10/12 17:09:33] Opening project file: /Users/drummel/Chromatik/Projects/naga-cool-sparkle.lxp
[LX 2024/10/12 17:09:43] [I/O] Unknown host for fixture datagram: naga-h1.local: nodename nor servname provided, or not known
[LX 2024/10/12 17:09:48] [I/O] Unknown host for fixture datagram: naga-h2.local: nodename nor servname provided, or not known
[LX 2024/10/12 17:09:53] [I/O] Unknown host for fixture datagram: naga-h3.local: nodename nor servname provided, or not known
[LX 2024/10/12 17:09:58] [I/O] Unknown host for fixture datagram: naga-tail.local: nodename nor servname provided, or not known
[LX 2024/10/12 17:10:04] [I/O] Unknown host for fixture datagram: naga-h1.local: nodename nor servname provided, or not known
[LX 2024/10/12 17:10:09] [I/O] Unknown host for fixture datagram: naga-h2.local: nodename nor servname provided, or not known
[LX 2024/10/12 17:10:14] [I/O] Unknown host for fixture datagram: naga-h3.local: nodename nor servname provided, or not known
[LX 2024/10/12 17:10:19] [I/O] Unknown host for fixture datagram: naga-tail.local: nodename nor servname provided, or not known
[LX 2024/10/12 17:10:29] [I/O] Unknown host for fixture datagram: naga-h1.local: nodename nor servname provided, or not known
[LX 2024/10/12 17:10:34] [I/O] Unknown host for fixture datagram: naga-h2.local: nodename nor servname provided, or not known
[LX 2024/10/12 17:10:39] [I/O] Unknown host for fixture datagram: naga-h3.local: nodename nor servname provided, or not known
[LX 2024/10/12 17:10:44] [I/O] Unknown host for fixture datagram: naga-tail.local: nodename nor servname provided, or not known
[LX 2024/10/12 17:10:44] Project loaded successfully from /Users/drummel/Chromatik/Projects/naga-cool-sparkle.lxp
[LX 2024/10/12 17:10:44] System.nanoTime() clock moved over 60s in a frame, resetting clock timer: 37545958238416
[LX 2024/10/12 17:11:01] [I/O] Unknown host for fixture datagram: naga-tail.local: nodename nor servname provided, or not known
[LX 2024/10/12 17:11:01] Model exported successfully to /Users/drummel/Chromatik/Models/Naga-Model.lxm
[LX 2024/10/12 17:11:01] [I/O] Unknown host for fixture datagram: naga-tail.local
[LX 2024/10/12 17:11:01] Project auto-saved successfully to /Users/drummel/Chromatik/Autosave/naga-cool-sparkle.lxp
[LX 2024/10/12 17:11:03] [I/O] Unknown host for fixture datagram: naga-tail.local
[LX 2024/10/12 17:11:16] Model exported successfully to /Users/drummel/Chromatik/Models/Naga-Model.lxm
[LX 2024/10/12 17:11:16] Project auto-saved successfully to /Users/drummel/Chromatik/Autosave/naga-cool-sparkle.lxp
[LX 2024/10/12 17:12:16] Model exported successfully to /Users/drummel/Chromatik/Models/Naga-Model.lxm
[LX 2024/10/12 17:12:16] Project saved successfully to /Users/drummel/Chromatik/Projects/naga-cool-sparkle.lxp
[GLX 2024/10/12 17:12:17] Stopping LX engine...
[LX 2024/10/12 17:12:17] LXEngine.ExecutorService has finished.
[LX 2024/10/12 17:12:17] [MIDI] LXMidiEngine Device Update Thread finished.
[GLX 2024/10/12 17:12:17] Done with main thread, GLX shutdown complete. Thanks for playing. <3
