[Chromatik 2024/10/13 11:07:43] Starting Chromatik version 1.0.0
[Chromatik 2024/10/13 11:07:43] Running java 17.0.9 Eclipse Adoptium Mac OS X 14.1.2 aarch64
[Chromatik 2024/10/13 11:07:44] Licensed to Daniel Rummel <drummel@gmail.com> - version 1.0.0 FREE - heronarts.lx.core
[LX 2024/10/13 11:07:44] Loading package content from: /Users/drummel/Chromatik/Packages/lxpackage-example-0.0.1-SNAPSHOT.jar
[LX 2024/10/13 11:07:44] JSON fixture file is empty: /Users/drummel/Chromatik/Fixtures/Naga/Something.lxf
[LX 2024/10/13 11:07:44] JSON fixture file is empty: /Users/drummel/Chromatik/Fixtures/Custom/Something.lxf
[GLX 2024/10/13 11:07:47] GLX monitorWorkarea: size(1440x900), pos(x:0,y:0)
[GLX 2024/10/13 11:07:47] GLX createWindow: 1440x872
[GLX 2024/10/13 11:07:47] GLX systemContentScale: 2.0x2.0
[GLX 2024/10/13 11:07:47] GLX windowSize: 1440x872
[GLX 2024/10/13 11:07:47] GLX setWindowPos: 0,28
[GLX 2024/10/13 11:07:47] GLX framebufferSize: 2880x1744
[GLX 2024/10/13 11:07:47] GLX uiSize: 1252.174x758.26086
[GLX 2024/10/13 11:07:47] GLX cursorScale: 0.86956525x0.8695652
[GLX 2024/10/13 11:07:47] Using BGFX renderer: Metal
[GLX 2024/10/13 11:07:47] Starting LX Engine...
[LX 2024/10/13 11:07:47] LXEngine.ExecutorService starting...
[GLX 2024/10/13 11:07:47] Bootstrap complete, running main loop.
[LX 2024/10/13 11:07:47] Opening project file: /Users/drummel/Chromatik/Projects/naga-cool-sparkle.lxp
[LX 2024/10/13 11:07:57] [I/O] Unknown host for fixture datagram: naga-h1.local: nodename nor servname provided, or not known
[LX 2024/10/13 11:08:02] [I/O] Unknown host for fixture datagram: naga-h2.local: nodename nor servname provided, or not known
[LX 2024/10/13 11:08:07] [I/O] Unknown host for fixture datagram: naga-h3.local: nodename nor servname provided, or not known
[LX 2024/10/13 11:08:12] [I/O] Unknown host for fixture datagram: naga-tail.local: nodename nor servname provided, or not known
[LX 2024/10/13 11:08:17] [I/O] Unknown host for fixture datagram: naga-h1.local: nodename nor servname provided, or not known
[LX 2024/10/13 11:08:22] [I/O] Unknown host for fixture datagram: naga-h2.local: nodename nor servname provided, or not known
[LX 2024/10/13 11:08:27] [I/O] Unknown host for fixture datagram: naga-h3.local: nodename nor servname provided, or not known
[LX 2024/10/13 11:08:32] [I/O] Unknown host for fixture datagram: naga-tail.local: nodename nor servname provided, or not known
[LX 2024/10/13 11:08:42] [I/O] Unknown host for fixture datagram: naga-h1.local: nodename nor servname provided, or not known
[LX 2024/10/13 11:08:47] [I/O] Unknown host for fixture datagram: naga-h2.local: nodename nor servname provided, or not known
[LX 2024/10/13 11:08:53] [I/O] Unknown host for fixture datagram: naga-h3.local: nodename nor servname provided, or not known
[LX 2024/10/13 11:08:58] [I/O] Unknown host for fixture datagram: naga-tail.local: nodename nor servname provided, or not known
[LX 2024/10/13 11:08:58] Project loaded successfully from /Users/drummel/Chromatik/Projects/naga-cool-sparkle.lxp
[LX 2024/10/13 11:08:58] System.nanoTime() clock moved over 60s in a frame, resetting clock timer: 55640397670750
[LX 2024/10/13 11:09:13] Model exported successfully to /Users/drummel/Chromatik/Models/Naga-Model.lxm
[LX 2024/10/13 11:09:13] Project auto-saved successfully to /Users/drummel/Chromatik/Autosave/naga-cool-sparkle.lxp
[LX 2024/10/13 11:10:13] Model exported successfully to /Users/drummel/Chromatik/Models/Naga-Model.lxm
[LX 2024/10/13 11:10:13] Project auto-saved successfully to /Users/drummel/Chromatik/Autosave/naga-cool-sparkle.lxp
[GLX 2024/10/13 11:11:13] Stopping LX engine...
[LX 2024/10/13 11:11:13] LXEngine.ExecutorService has finished.
[LX 2024/10/13 11:11:13] [MIDI] LXMidiEngine Device Update Thread finished.
[GLX 2024/10/13 11:11:13] Done with main thread, GLX shutdown complete. Thanks for playing. <3
