[Chromatik 2024/09/06 15:11:41] Starting Chromatik version 1.0.0
[Chromatik 2024/09/06 15:11:41] Running java 17.0.9 Eclipse Adoptium Mac OS X 14.1.2 aarch64
[Chromatik 2024/09/06 15:11:41] Licensed to Daniel Rummel <drummel@gmail.com> - version 1.0.0 FREE - heronarts.lx.core
[LX 2024/09/06 15:11:41] Loading package content from: /Users/drummel/Chromatik/Packages/lxpackage-example-0.0.1-SNAPSHOT.jar
[LX 2024/09/06 15:11:41] JSON fixture file is empty: /Users/drummel/Chromatik/Fixtures/Naga/Something.lxf
[LX 2024/09/06 15:11:41] JSON fixture file is empty: /Users/drummel/Chromatik/Fixtures/Custom/Something.lxf
[GLX 2024/09/06 15:11:42] GLX monitorWorkarea: size(3440x1440), pos(x:0,y:0)
[GLX 2024/09/06 15:11:42] GLX createWindow: 1440x872
[GLX 2024/09/06 15:11:42] GLX systemContentScale: 1.0x1.0
[GLX 2024/09/06 15:11:42] GLX windowSize: 1440x872
[GLX 2024/09/06 15:11:42] GLX setWindowPos: 0,28
[GLX 2024/09/06 15:11:42] GLX framebufferSize: 1440x872
[GLX 2024/09/06 15:11:42] GLX uiSize: 1440.0x872.0
[GLX 2024/09/06 15:11:42] GLX cursorScale: 1.0x1.0
[GLX 2024/09/06 15:11:42] Using BGFX renderer: Metal
[GLX 2024/09/06 15:11:42] Starting LX Engine...
[LX 2024/09/06 15:11:42] LXEngine.ExecutorService starting...
[GLX 2024/09/06 15:11:42] Bootstrap complete, running main loop.
[LX 2024/09/06 15:11:42] Opening project file: /Users/drummel/Chromatik/Projects/naga-cool-sparkle.lxp
[LX 2024/09/06 15:11:47] [I/O] Unknown host for fixture datagram: naga-head.local: nodename nor servname provided, or not known
[LX 2024/09/06 15:11:52] [I/O] Unknown host for fixture datagram: naga-h1.local: nodename nor servname provided, or not known
[LX 2024/09/06 15:11:57] [I/O] Unknown host for fixture datagram: naga-h2.local: nodename nor servname provided, or not known
[LX 2024/09/06 15:12:02] [I/O] Unknown host for fixture datagram: naga-h3.local: nodename nor servname provided, or not known
[LX 2024/09/06 15:12:07] [I/O] Unknown host for fixture datagram: naga-tail.local: nodename nor servname provided, or not known
[LX 2024/09/06 15:12:12] [I/O] Unknown host for fixture datagram: naga-head.local: nodename nor servname provided, or not known
[LX 2024/09/06 15:12:12] [I/O] Unknown host for fixture datagram: naga-head.local
[LX 2024/09/06 15:12:12] [I/O] Unknown host for fixture datagram: naga-head.local
[LX 2024/09/06 15:12:17] [I/O] Unknown host for fixture datagram: naga-h1.local: nodename nor servname provided, or not known
[LX 2024/09/06 15:12:22] [I/O] Unknown host for fixture datagram: naga-h2.local: nodename nor servname provided, or not known
[LX 2024/09/06 15:12:27] [I/O] Unknown host for fixture datagram: naga-h3.local: nodename nor servname provided, or not known
[LX 2024/09/06 15:12:32] [I/O] Unknown host for fixture datagram: naga-tail.local: nodename nor servname provided, or not known
[LX 2024/09/06 15:12:37] [I/O] Unknown host for fixture datagram: naga-head.local: nodename nor servname provided, or not known
[LX 2024/09/06 15:12:37] [I/O] Unknown host for fixture datagram: naga-head.local
[LX 2024/09/06 15:12:37] [I/O] Unknown host for fixture datagram: naga-head.local
[LX 2024/09/06 15:12:42] [I/O] Unknown host for fixture datagram: naga-h1.local: nodename nor servname provided, or not known
[LX 2024/09/06 15:12:47] [I/O] Unknown host for fixture datagram: naga-h2.local: nodename nor servname provided, or not known
[LX 2024/09/06 15:12:52] [I/O] Unknown host for fixture datagram: naga-h3.local: nodename nor servname provided, or not known
[LX 2024/09/06 15:12:57] [I/O] Unknown host for fixture datagram: naga-tail.local: nodename nor servname provided, or not known
[LX 2024/09/06 15:12:58] Project loaded successfully from /Users/drummel/Chromatik/Projects/naga-cool-sparkle.lxp
[LX 2024/09/06 15:12:58] System.nanoTime() clock moved over 60s in a frame, resetting clock timer: 1656033793008000
[LX 2024/09/06 15:14:43] Model exported successfully to /Users/drummel/Chromatik/Models/Naga-Model.lxm
[LX 2024/09/06 15:14:43] Project auto-saved successfully to /Users/drummel/Chromatik/Autosave/naga-cool-sparkle.lxp
[LX 2024/09/06 15:14:58] Model exported successfully to /Users/drummel/Chromatik/Models/Naga-Model.lxm
[LX 2024/09/06 15:14:58] Project auto-saved successfully to /Users/drummel/Chromatik/Autosave/naga-cool-sparkle.lxp
[LX 2024/09/06 15:15:13] Model exported successfully to /Users/drummel/Chromatik/Models/Naga-Model.lxm
[LX 2024/09/06 15:15:13] Project auto-saved successfully to /Users/drummel/Chromatik/Autosave/naga-cool-sparkle.lxp
[GLX 2024/09/09 18:22:26] Stopping LX engine...
[LX 2024/09/09 18:22:26] LXEngine.ExecutorService has finished.
[LX 2024/09/09 18:22:26] [MIDI] LXMidiEngine Device Update Thread finished.
[GLX 2024/09/09 18:22:26] Done with main thread, GLX shutdown complete. Thanks for playing. <3
