[Chromatik 2024/12/07 11:14:26] Starting Chromatik version 1.0.0
[Chromatik 2024/12/07 11:14:26] Running java 17.0.9 Eclipse Adoptium Mac OS X 15.1.1 aarch64
[Chromatik 2024/12/07 11:14:26] Licensed to Daniel Rummel <drummel@gmail.com> - version 1.0.0 FREE - heronarts.lx.core
[LX 2024/12/07 11:14:26] Loading package content from: /Users/drummel/Chromatik/Packages/lxpackage-example-0.0.1-SNAPSHOT.jar
[LX 2024/12/07 11:14:26] JSON fixture file is empty: /Users/drummel/Chromatik/Fixtures/Naga/Something.lxf
[LX 2024/12/07 11:14:26] JSON fixture file is empty: /Users/drummel/Chromatik/Fixtures/Custom/Something.lxf
[GLX 2024/12/07 11:14:27] GLX monitorWorkarea: size(3440x1440), pos(x:0,y:0)
[GLX 2024/12/07 11:14:27] GLX createWindow: 1440x872
[GLX 2024/12/07 11:14:27] GLX systemContentScale: 1.0x1.0
[GLX 2024/12/07 11:14:27] GLX windowSize: 1440x872
[GLX 2024/12/07 11:14:27] GLX setWindowPos: 0,568
[GLX 2024/12/07 11:14:27] GLX framebufferSize: 1440x872
[GLX 2024/12/07 11:14:27] GLX uiSize: 1252.174x758.26086
[GLX 2024/12/07 11:14:27] GLX cursorScale: 0.86956525x0.8695652
[GLX 2024/12/07 11:14:28] Using BGFX renderer: Metal
[GLX 2024/12/07 11:14:28] Starting LX Engine...
[LX 2024/12/07 11:14:28] LXEngine.ExecutorService starting...
[GLX 2024/12/07 11:14:28] Bootstrap complete, running main loop.
[LX 2024/12/07 11:14:28] Opening project file: /Users/drummel/Chromatik/Projects/naga-cool-sparkle.lxp
[LX 2024/12/07 11:14:35] [I/O] Unknown host for fixture datagram: naga-head.local: nodename nor servname provided, or not known
[LX 2024/12/07 11:14:40] [I/O] Unknown host for fixture datagram: naga-h1.local: nodename nor servname provided, or not known
[LX 2024/12/07 11:14:45] [I/O] Unknown host for fixture datagram: naga-h2.local: nodename nor servname provided, or not known
[LX 2024/12/07 11:14:50] [I/O] Unknown host for fixture datagram: naga-h3.local: nodename nor servname provided, or not known
[LX 2024/12/07 11:14:55] [I/O] Unknown host for fixture datagram: naga-tail.local: nodename nor servname provided, or not known
[LX 2024/12/07 11:15:00] [I/O] Unknown host for fixture datagram: naga-head.local: nodename nor servname provided, or not known
[LX 2024/12/07 11:15:00] [I/O] Unknown host for fixture datagram: naga-head.local
[LX 2024/12/07 11:15:00] [I/O] Unknown host for fixture datagram: naga-head.local
[LX 2024/12/07 11:15:05] [I/O] Unknown host for fixture datagram: naga-h1.local: nodename nor servname provided, or not known
[LX 2024/12/07 11:15:10] [I/O] Unknown host for fixture datagram: naga-h2.local: nodename nor servname provided, or not known
[LX 2024/12/07 11:15:15] [I/O] Unknown host for fixture datagram: naga-h3.local: nodename nor servname provided, or not known
[LX 2024/12/07 11:15:20] [I/O] Unknown host for fixture datagram: naga-tail.local: nodename nor servname provided, or not known
[LX 2024/12/07 11:15:25] [I/O] Unknown host for fixture datagram: naga-head.local: nodename nor servname provided, or not known
[LX 2024/12/07 11:15:25] [I/O] Unknown host for fixture datagram: naga-head.local
[LX 2024/12/07 11:15:25] [I/O] Unknown host for fixture datagram: naga-head.local
[LX 2024/12/07 11:15:30] [I/O] Unknown host for fixture datagram: naga-h1.local: nodename nor servname provided, or not known
[LX 2024/12/07 11:15:35] [I/O] Unknown host for fixture datagram: naga-h2.local: nodename nor servname provided, or not known
[LX 2024/12/07 11:15:40] [I/O] Unknown host for fixture datagram: naga-h3.local: nodename nor servname provided, or not known
[LX 2024/12/07 11:15:45] [I/O] Unknown host for fixture datagram: naga-tail.local: nodename nor servname provided, or not known
[LX 2024/12/07 11:15:45] Project loaded successfully from /Users/drummel/Chromatik/Projects/naga-cool-sparkle.lxp
[LX 2024/12/07 11:15:45] System.nanoTime() clock moved over 60s in a frame, resetting clock timer: 810670087360333
[LX 2024/12/07 11:16:08] Model exported successfully to /Users/drummel/Chromatik/Models/Naga-Model.lxm
[LX 2024/12/07 11:16:08] Project saved successfully to /Users/drummel/Chromatik/Projects/naga-cool-sparkle.lxp
