[Chromatik 2024/08/18 20:33:47] Starting Chromatik version 1.0.0
[Chromatik 2024/08/18 20:33:47] Running java 17.0.9 Eclipse Adoptium Mac OS X 14.1.2 aarch64
[Chromatik 2024/08/18 20:33:47] Licensed to Daniel Rummel <drummel@gmail.com> - version 1.0.0 FREE - heronarts.lx.core
[GLX 2024/08/18 20:33:48] GLX monitorWorkarea: size(1440x900), pos(x:0,y:0)
[GLX 2024/08/18 20:33:48] GLX createWindow: 1440x872
[GLX 2024/08/18 20:33:48] GLX systemContentScale: 2.0x2.0
[GLX 2024/08/18 20:33:48] GLX windowSize: 1440x872
[GLX 2024/08/18 20:33:48] GLX setWindowPos: 0,28
[GLX 2024/08/18 20:33:48] GLX framebufferSize: 2880x1744
[GLX 2024/08/18 20:33:48] GLX uiSize: 1440.0x872.0
[GLX 2024/08/18 20:33:48] GLX cursorScale: 1.0x1.0
[GLX 2024/08/18 20:33:48] Using BGFX renderer: Metal
[GLX 2024/08/18 20:33:48] Starting LX Engine...
[LX 2024/08/18 20:33:48] LXEngine.ExecutorService starting...
[GLX 2024/08/18 20:33:48] Bootstrap complete, running main loop.
[LX 2024/08/18 20:35:19] Project loaded successfully from /Users/drummel/Desktop/NAGA/naga-one.lxp
[LX 2024/08/18 20:35:33] Project auto-saved successfully to /Users/drummel/Chromatik/Autosave/naga-one.lxp
[LX 2024/08/18 20:35:48] Project auto-saved successfully to /Users/drummel/Chromatik/Autosave/naga-one.lxp
[LX 2024/08/18 20:36:03] Project auto-saved successfully to /Users/drummel/Chromatik/Autosave/naga-one.lxp
[LX 2024/08/18 20:36:18] Project auto-saved successfully to /Users/drummel/Chromatik/Autosave/naga-one.lxp
[LX 2024/08/18 20:36:33] Project auto-saved successfully to /Users/drummel/Chromatik/Autosave/naga-one.lxp
[LX 2024/08/18 20:36:48] Project auto-saved successfully to /Users/drummel/Chromatik/Autosave/naga-one.lxp
[LX 2024/08/18 20:37:18] Project auto-saved successfully to /Users/drummel/Chromatik/Autosave/naga-one.lxp
[LX 2024/08/18 20:37:33] Project auto-saved successfully to /Users/drummel/Chromatik/Autosave/naga-one.lxp
[LX 2024/08/18 20:37:48] Project auto-saved successfully to /Users/drummel/Chromatik/Autosave/naga-one.lxp
[LX 2024/08/18 20:38:03] Project auto-saved successfully to /Users/drummel/Chromatik/Autosave/naga-one.lxp
[LX 2024/08/18 20:38:18] Project auto-saved successfully to /Users/drummel/Chromatik/Autosave/naga-one.lxp
[LX 2024/08/18 20:38:33] Project auto-saved successfully to /Users/drummel/Chromatik/Autosave/naga-one.lxp
[LX 2024/08/18 20:38:48] Project auto-saved successfully to /Users/drummel/Chromatik/Autosave/naga-one.lxp
[LX 2024/08/18 20:39:03] Project auto-saved successfully to /Users/drummel/Chromatik/Autosave/naga-one.lxp
[LX 2024/08/18 20:39:18] Project auto-saved successfully to /Users/drummel/Chromatik/Autosave/naga-one.lxp
[LX 2024/08/18 20:39:33] Project auto-saved successfully to /Users/drummel/Chromatik/Autosave/naga-one.lxp
[LX 2024/08/18 20:39:48] Project auto-saved successfully to /Users/drummel/Chromatik/Autosave/naga-one.lxp
[LX 2024/08/18 20:40:03] Project auto-saved successfully to /Users/drummel/Chromatik/Autosave/naga-one.lxp
[LX 2024/08/18 20:40:18] Project auto-saved successfully to /Users/drummel/Chromatik/Autosave/naga-one.lxp
[LX 2024/08/18 20:40:33] Project auto-saved successfully to /Users/drummel/Chromatik/Autosave/naga-one.lxp
[LX 2024/08/18 20:41:48] Project auto-saved successfully to /Users/drummel/Chromatik/Autosave/naga-one.lxp
[LX 2024/08/18 20:42:03] Project auto-saved successfully to /Users/drummel/Chromatik/Autosave/naga-one.lxp
[LX 2024/08/18 20:42:07] Calls to DatagramSocket.send() appear to be unexpectedly blocking, you may be sending to an unresolvable address or network queues may be saturated. If you are on Linux/Raspberry-Pi, consult the following URL for guidance on relevant kernel parameters: https://github.com/heronarts/LXStudio/wiki/Raspberry-Pi
[LX 2024/08/18 20:42:18] Project auto-saved successfully to /Users/drummel/Chromatik/Autosave/naga-one.lxp
[LX 2024/08/18 20:42:33] Project auto-saved successfully to /Users/drummel/Chromatik/Autosave/naga-one.lxp
[LX 2024/08/18 20:43:03] Project auto-saved successfully to /Users/drummel/Chromatik/Autosave/naga-one.lxp
[LX 2024/08/18 20:43:18] Project auto-saved successfully to /Users/drummel/Chromatik/Autosave/naga-one.lxp
[LX 2024/08/18 20:43:33] Project auto-saved successfully to /Users/drummel/Chromatik/Autosave/naga-one.lxp
[LX 2024/08/18 20:43:48] Project auto-saved successfully to /Users/drummel/Chromatik/Autosave/naga-one.lxp
[LX 2024/08/18 20:44:03] Project auto-saved successfully to /Users/drummel/Chromatik/Autosave/naga-one.lxp
[LX 2024/08/18 20:45:18] Project auto-saved successfully to /Users/drummel/Chromatik/Autosave/naga-one.lxp
[LX 2024/08/18 20:45:33] Project auto-saved successfully to /Users/drummel/Chromatik/Autosave/naga-one.lxp
[LX 2024/08/18 20:45:48] Project auto-saved successfully to /Users/drummel/Chromatik/Autosave/naga-one.lxp
[LX 2024/08/18 20:46:03] Project auto-saved successfully to /Users/drummel/Chromatik/Autosave/naga-one.lxp
[LX 2024/08/18 20:46:18] Project auto-saved successfully to /Users/drummel/Chromatik/Autosave/naga-one.lxp
[LX 2024/08/18 20:46:33] Project auto-saved successfully to /Users/drummel/Chromatik/Autosave/naga-one.lxp
[LX 2024/08/18 20:46:48] Project auto-saved successfully to /Users/drummel/Chromatik/Autosave/naga-one.lxp
[LX 2024/08/18 20:47:03] Project auto-saved successfully to /Users/drummel/Chromatik/Autosave/naga-one.lxp
[LX 2024/08/18 20:47:18] Project auto-saved successfully to /Users/drummel/Chromatik/Autosave/naga-one.lxp
[LX 2024/08/18 20:47:33] Project auto-saved successfully to /Users/drummel/Chromatik/Autosave/naga-one.lxp
[LX 2024/08/18 20:47:49] Project auto-saved successfully to /Users/drummel/Chromatik/Autosave/naga-one.lxp
[LX 2024/08/18 20:48:04] Project auto-saved successfully to /Users/drummel/Chromatik/Autosave/naga-one.lxp
[LX 2024/08/18 20:48:19] Project auto-saved successfully to /Users/drummel/Chromatik/Autosave/naga-one.lxp
[LX 2024/08/18 20:48:34] Project auto-saved successfully to /Users/drummel/Chromatik/Autosave/naga-one.lxp
[LX 2024/08/18 20:48:49] Project auto-saved successfully to /Users/drummel/Chromatik/Autosave/naga-one.lxp
[LX 2024/08/18 20:49:04] Project auto-saved successfully to /Users/drummel/Chromatik/Autosave/naga-one.lxp
[LX 2024/08/18 20:49:19] Project auto-saved successfully to /Users/drummel/Chromatik/Autosave/naga-one.lxp
[LX 2024/08/18 20:49:34] Project auto-saved successfully to /Users/drummel/Chromatik/Autosave/naga-one.lxp
[LX 2024/08/18 20:49:49] Project auto-saved successfully to /Users/drummel/Chromatik/Autosave/naga-one.lxp
[LX 2024/08/18 20:50:04] Project auto-saved successfully to /Users/drummel/Chromatik/Autosave/naga-one.lxp
[LX 2024/08/18 20:50:19] Project auto-saved successfully to /Users/drummel/Chromatik/Autosave/naga-one.lxp
[LX 2024/08/18 20:50:34] Project auto-saved successfully to /Users/drummel/Chromatik/Autosave/naga-one.lxp
[LX 2024/08/18 20:50:49] Project auto-saved successfully to /Users/drummel/Chromatik/Autosave/naga-one.lxp
[LX 2024/08/18 20:51:04] Project auto-saved successfully to /Users/drummel/Chromatik/Autosave/naga-one.lxp
[LX 2024/08/18 20:51:19] Project auto-saved successfully to /Users/drummel/Chromatik/Autosave/naga-one.lxp
[LX 2024/08/18 20:51:34] Project auto-saved successfully to /Users/drummel/Chromatik/Autosave/naga-one.lxp
[LX 2024/08/18 20:51:49] Project auto-saved successfully to /Users/drummel/Chromatik/Autosave/naga-one.lxp
[LX 2024/08/18 20:52:04] Project auto-saved successfully to /Users/drummel/Chromatik/Autosave/naga-one.lxp
[LX 2024/08/18 20:54:49] Project auto-saved successfully to /Users/drummel/Chromatik/Autosave/naga-one.lxp
[LX 2024/08/18 20:55:04] Project auto-saved successfully to /Users/drummel/Chromatik/Autosave/naga-one.lxp
[LX 2024/08/18 20:55:19] Project auto-saved successfully to /Users/drummel/Chromatik/Autosave/naga-one.lxp
[LX 2024/08/18 20:55:34] Project auto-saved successfully to /Users/drummel/Chromatik/Autosave/naga-one.lxp
[LX 2024/08/18 20:55:49] Project auto-saved successfully to /Users/drummel/Chromatik/Autosave/naga-one.lxp
[LX 2024/08/18 20:56:30] Project saved successfully to /Users/drummel/Desktop/NAGA/naga-one.lxp
[LX 2024/08/18 21:00:40] Project saved successfully to /Users/drummel/Desktop/NAGA/naga-one.lxp
[LX 2024/08/18 21:06:34] Project auto-saved successfully to /Users/drummel/Chromatik/Autosave/naga-one.lxp
[LX 2024/08/18 21:06:49] Project auto-saved successfully to /Users/drummel/Chromatik/Autosave/naga-one.lxp
[LX 2024/08/18 21:07:04] Project auto-saved successfully to /Users/drummel/Chromatik/Autosave/naga-one.lxp
[LX 2024/08/18 21:07:19] Project auto-saved successfully to /Users/drummel/Chromatik/Autosave/naga-one.lxp
[LX 2024/08/18 21:07:34] Project auto-saved successfully to /Users/drummel/Chromatik/Autosave/naga-one.lxp
[LX 2024/08/18 21:07:49] Project auto-saved successfully to /Users/drummel/Chromatik/Autosave/naga-one.lxp
[LX 2024/08/18 21:08:04] Project auto-saved successfully to /Users/drummel/Chromatik/Autosave/naga-one.lxp
[LX 2024/08/18 21:08:20] Project auto-saved successfully to /Users/drummel/Chromatik/Autosave/naga-one.lxp
[LX 2024/08/18 21:08:35] Project auto-saved successfully to /Users/drummel/Chromatik/Autosave/naga-one.lxp
[LX 2024/08/18 21:08:50] Project auto-saved successfully to /Users/drummel/Chromatik/Autosave/naga-one.lxp
[LX 2024/08/18 21:09:20] Project auto-saved successfully to /Users/drummel/Chromatik/Autosave/naga-one.lxp
[LX 2024/08/18 21:09:35] Project auto-saved successfully to /Users/drummel/Chromatik/Autosave/naga-one.lxp
[LX 2024/08/18 21:12:05] Project auto-saved successfully to /Users/drummel/Chromatik/Autosave/naga-one.lxp
[LX 2024/08/18 21:12:20] Project auto-saved successfully to /Users/drummel/Chromatik/Autosave/naga-one.lxp
[LX 2024/08/18 21:12:35] Project auto-saved successfully to /Users/drummel/Chromatik/Autosave/naga-one.lxp
[LX 2024/08/18 21:15:05] Project auto-saved successfully to /Users/drummel/Chromatik/Autosave/naga-one.lxp
[LX 2024/08/18 21:15:35] Project auto-saved successfully to /Users/drummel/Chromatik/Autosave/naga-one.lxp
[LX 2024/08/18 21:17:35] Project auto-saved successfully to /Users/drummel/Chromatik/Autosave/naga-one.lxp
[LX 2024/08/18 21:17:50] Project auto-saved successfully to /Users/drummel/Chromatik/Autosave/naga-one.lxp
[LX 2024/08/18 21:18:05] Project auto-saved successfully to /Users/drummel/Chromatik/Autosave/naga-one.lxp
[LX 2024/08/18 21:18:20] Project auto-saved successfully to /Users/drummel/Chromatik/Autosave/naga-one.lxp
[LX 2024/08/18 21:18:50] Project auto-saved successfully to /Users/drummel/Chromatik/Autosave/naga-one.lxp
[LX 2024/08/18 21:19:05] Project auto-saved successfully to /Users/drummel/Chromatik/Autosave/naga-one.lxp
[LX 2024/08/18 21:19:20] Project auto-saved successfully to /Users/drummel/Chromatik/Autosave/naga-one.lxp
[LX 2024/08/18 21:19:35] Project auto-saved successfully to /Users/drummel/Chromatik/Autosave/naga-one.lxp
[LX 2024/08/18 21:19:50] Project auto-saved successfully to /Users/drummel/Chromatik/Autosave/naga-one.lxp
[LX 2024/08/18 21:20:20] Project auto-saved successfully to /Users/drummel/Chromatik/Autosave/naga-one.lxp
[LX 2024/08/18 21:20:57] [I/O] IOException sending to /192.168.8.122:6454 (Can't assign requested address), will initiate backoff after 3 consecutive failures
[LX 2024/08/18 21:20:57] [I/O] Retrying /192.168.8.122:6454 in 50ms (3 consecutive failures)
[LX 2024/08/18 21:20:58] [I/O] Retrying /192.168.8.122:6454 in 100ms (4 consecutive failures)
[LX 2024/08/18 21:20:58] [I/O] Retrying /192.168.8.122:6454 in 200ms (5 consecutive failures)
[LX 2024/08/18 21:20:58] [I/O] Retrying /192.168.8.122:6454 in 400ms (6 consecutive failures)
[LX 2024/08/18 21:20:58] [I/O] Recovered connectivity to /192.168.8.122:6454
[LX 2024/08/18 21:22:02] [I/O] IOException sending to /192.168.8.122:6454 (Network is unreachable), will initiate backoff after 3 consecutive failures
[LX 2024/08/18 21:22:02] [I/O] Retrying /192.168.8.122:6454 in 50ms (3 consecutive failures)
[LX 2024/08/18 21:22:02] [I/O] Retrying /192.168.8.122:6454 in 100ms (4 consecutive failures)
[LX 2024/08/18 21:22:03] [I/O] Retrying /192.168.8.122:6454 in 200ms (5 consecutive failures)
[LX 2024/08/18 21:22:03] [I/O] Retrying /192.168.8.122:6454 in 400ms (6 consecutive failures)
[LX 2024/08/18 21:22:03] [I/O] Retrying /192.168.8.122:6454 in 800ms (7 consecutive failures)
[LX 2024/08/18 21:22:04] [I/O] Recovered connectivity to /192.168.8.122:6454
[LX 2024/08/18 21:23:13] [I/O] IOException sending to /192.168.8.122:6454 (Can't assign requested address), will initiate backoff after 3 consecutive failures
[LX 2024/08/18 21:23:13] [I/O] Retrying /192.168.8.122:6454 in 50ms (3 consecutive failures)
[LX 2024/08/18 21:23:13] [I/O] Retrying /192.168.8.122:6454 in 100ms (4 consecutive failures)
[LX 2024/08/18 21:23:13] [I/O] Retrying /192.168.8.122:6454 in 200ms (5 consecutive failures)
[LX 2024/08/18 21:23:14] [I/O] Retrying /192.168.8.122:6454 in 400ms (6 consecutive failures)
[LX 2024/08/18 21:23:14] [I/O] Retrying /192.168.8.122:6454 in 800ms (7 consecutive failures)
[LX 2024/08/18 21:23:15] [I/O] Retrying /192.168.8.122:6454 in 1600ms (8 consecutive failures)
[LX 2024/08/18 21:23:17] [I/O] Retrying /192.168.8.122:6454 in 1600ms (9 consecutive failures)
[LX 2024/08/18 21:23:18] [I/O] Retrying /192.168.8.122:6454 in 1600ms (10 consecutive failures)
[LX 2024/08/18 21:23:20] [I/O] Retrying /192.168.8.122:6454 in 1600ms (11 consecutive failures)
[LX 2024/08/18 21:23:21] [I/O] Retrying /192.168.8.122:6454 in 1600ms (12 consecutive failures)
[LX 2024/08/18 21:23:23] [I/O] Retrying /192.168.8.122:6454 in 1600ms (13 consecutive failures)
[LX 2024/08/18 21:23:25] [I/O] Retrying /192.168.8.122:6454 in 1600ms (14 consecutive failures)
[LX 2024/08/18 21:23:26] [I/O] Retrying /192.168.8.122:6454 in 1600ms (15 consecutive failures)
[LX 2024/08/18 21:23:28] [I/O] Retrying /192.168.8.122:6454 in 1600ms (16 consecutive failures)
[LX 2024/08/18 21:23:29] [I/O] Retrying /192.168.8.122:6454 in 1600ms (17 consecutive failures)
[LX 2024/08/18 21:23:31] [I/O] Retrying /192.168.8.122:6454 in 1600ms (18 consecutive failures)
[LX 2024/08/18 21:23:33] [I/O] Recovered connectivity to /192.168.8.122:6454
[LX 2024/08/18 21:28:36] Project auto-saved successfully to /Users/drummel/Chromatik/Autosave/naga-one.lxp
[LX 2024/08/18 21:29:51] Project auto-saved successfully to /Users/drummel/Chromatik/Autosave/naga-one.lxp
[LX 2024/08/18 21:30:06] Project auto-saved successfully to /Users/drummel/Chromatik/Autosave/naga-one.lxp
[LX 2024/08/18 21:30:36] Project auto-saved successfully to /Users/drummel/Chromatik/Autosave/naga-one.lxp
[LX 2024/08/18 21:31:06] Project auto-saved successfully to /Users/drummel/Chromatik/Autosave/naga-one.lxp
[LX 2024/08/18 21:31:21] Project auto-saved successfully to /Users/drummel/Chromatik/Autosave/naga-one.lxp
[LX 2024/08/18 21:31:51] Project auto-saved successfully to /Users/drummel/Chromatik/Autosave/naga-one.lxp
[LX 2024/08/18 21:32:06] Project auto-saved successfully to /Users/drummel/Chromatik/Autosave/naga-one.lxp
[LX 2024/08/18 21:32:21] Project auto-saved successfully to /Users/drummel/Chromatik/Autosave/naga-one.lxp
[LX 2024/08/18 21:32:36] Project auto-saved successfully to /Users/drummel/Chromatik/Autosave/naga-one.lxp
[LX 2024/08/18 21:32:51] Project auto-saved successfully to /Users/drummel/Chromatik/Autosave/naga-one.lxp
[LX 2024/08/18 21:33:06] Project auto-saved successfully to /Users/drummel/Chromatik/Autosave/naga-one.lxp
[LX 2024/08/18 21:33:21] Project auto-saved successfully to /Users/drummel/Chromatik/Autosave/naga-one.lxp
[LX 2024/08/18 21:33:36] Project auto-saved successfully to /Users/drummel/Chromatik/Autosave/naga-one.lxp
[LX 2024/08/18 21:33:51] Project auto-saved successfully to /Users/drummel/Chromatik/Autosave/naga-one.lxp
[LX 2024/08/18 21:34:06] Project auto-saved successfully to /Users/drummel/Chromatik/Autosave/naga-one.lxp
[LX 2024/08/18 21:34:21] Project auto-saved successfully to /Users/drummel/Chromatik/Autosave/naga-one.lxp
[LX 2024/08/18 21:35:36] Project auto-saved successfully to /Users/drummel/Chromatik/Autosave/naga-one.lxp
[LX 2024/08/18 21:35:51] Project auto-saved successfully to /Users/drummel/Chromatik/Autosave/naga-one.lxp
[LX 2024/08/18 21:36:06] Project auto-saved successfully to /Users/drummel/Chromatik/Autosave/naga-one.lxp
[LX 2024/08/18 21:36:21] Project auto-saved successfully to /Users/drummel/Chromatik/Autosave/naga-one.lxp
[LX 2024/08/18 21:36:36] Project auto-saved successfully to /Users/drummel/Chromatik/Autosave/naga-one.lxp
[LX 2024/08/18 21:37:06] Project auto-saved successfully to /Users/drummel/Chromatik/Autosave/naga-one.lxp
[LX 2024/08/18 21:37:21] Project auto-saved successfully to /Users/drummel/Chromatik/Autosave/naga-one.lxp
[LX 2024/08/18 21:37:36] Project auto-saved successfully to /Users/drummel/Chromatik/Autosave/naga-one.lxp
[LX 2024/08/18 21:37:51] Project auto-saved successfully to /Users/drummel/Chromatik/Autosave/naga-one.lxp
[LX 2024/08/18 21:38:47] [I/O] IOException sending to /192.168.8.122:6454 (Network is unreachable), will initiate backoff after 3 consecutive failures
[LX 2024/08/18 21:38:47] [I/O] Retrying /192.168.8.122:6454 in 50ms (3 consecutive failures)
[LX 2024/08/18 21:38:47] [I/O] Recovered connectivity to /192.168.8.122:6454
[LX 2024/08/18 21:41:30] Project saved successfully to /Users/drummel/Desktop/NAGA/naga-one.lxp
[LX 2024/08/18 21:41:33] Project saved successfully to /Users/drummel/Desktop/NAGA/naga-one.lxp
[LX 2024/08/18 21:41:37] Project saved successfully to /Users/drummel/Desktop/NAGA/naga-one.lxp
[GLX 2024/08/18 21:41:38] Stopping LX engine...
[LX 2024/08/18 21:41:38] LXEngine.ExecutorService has finished.
[LX 2024/08/18 21:41:38] [MIDI] LXMidiEngine Device Update Thread finished.
[GLX 2024/08/18 21:41:38] Done with main thread, GLX shutdown complete. Thanks for playing. <3
